The system is: Linux - 6.5.0-26-generic - x86_64
Compiling the C compiler identification source file "CMakeCCompilerId.c" succeeded.
Compiler: /usr/bin/cc 
Build flags: 
Id flags:  

The output was:
0


Compilation of the C compiler identification source "CMakeCCompilerId.c" produced "a.out"

The C compiler identification is GNU, found in "/home/thomas/Bureau/ProjetImage/ProjetImage_IMAGINE_BES_CARO_NOYE/Code/fltk/build/CMakeFiles/3.22.1/CompilerIdC/a.out"

Compiling the CXX compiler identification source file "CMakeCXXCompilerId.cpp" succeeded.
Compiler: /usr/bin/c++ 
Build flags: 
Id flags:  

The output was:
0


Compilation of the CXX compiler identification source "CMakeCXXCompilerId.cpp" produced "a.out"

The CXX compiler identification is GNU, found in "/home/thomas/Bureau/ProjetImage/ProjetImage_IMAGINE_BES_CARO_NOYE/Code/fltk/build/CMakeFiles/3.22.1/CompilerIdCXX/a.out"

Detecting C compiler ABI info compiled with the following output:
Change Dir: /home/thomas/Bureau/ProjetImage/ProjetImage_IMAGINE_BES_CARO_NOYE/Code/fltk/build/CMakeFiles/CMakeTmp

Run Build Command(s):/usr/bin/gmake -f Makefile cmTC_6048c/fast && /usr/bin/gmake  -f CMakeFiles/cmTC_6048c.dir/build.make CMakeFiles/cmTC_6048c.dir/build
gmake[1]: Entering directory '/home/thomas/Bureau/ProjetImage/ProjetImage_IMAGINE_BES_CARO_NOYE/Code/fltk/build/CMakeFiles/CMakeTmp'
Building C object CMakeFiles/cmTC_6048c.dir/CMakeCCompilerABI.c.o
/usr/bin/cc   -v -o CMakeFiles/cmTC_6048c.dir/CMakeCCompilerABI.c.o -c /usr/share/cmake-3.22/Modules/CMakeCCompilerABI.c
Using built-in specs.
COLLECT_GCC=/usr/bin/cc
OFFLOAD_TARGET_NAMES=nvptx-none:amdgcn-amdhsa
OFFLOAD_TARGET_DEFAULT=1
Target: x86_64-linux-gnu
Configured with: ../src/configure -v --with-pkgversion='Ubuntu 11.4.0-1ubuntu1~22.04' --with-bugurl=file:///usr/share/doc/gcc-11/README.Bugs --enable-languages=c,ada,c++,go,brig,d,fortran,objc,obj-c++,m2 --prefix=/usr --with-gcc-major-version-only --program-suffix=-11 --program-prefix=x86_64-linux-gnu- --enable-shared --enable-linker-build-id --libexecdir=/usr/lib --without-included-gettext --enable-threads=posix --libdir=/usr/lib --enable-nls --enable-bootstrap --enable-clocale=gnu --enable-libstdcxx-debug --enable-libstdcxx-time=yes --with-default-libstdcxx-abi=new --enable-gnu-unique-object --disable-vtable-verify --enable-plugin --enable-default-pie --with-system-zlib --enable-libphobos-checking=release --with-target-system-zlib=auto --enable-objc-gc=auto --enable-multiarch --disable-werror --enable-cet --with-arch-32=i686 --with-abi=m64 --with-multilib-list=m32,m64,mx32 --enable-multilib --with-tune=generic --enable-offload-targets=nvptx-none=/build/gcc-11-XeT9lY/gcc-11-11.4.0/debian/tmp-nvptx/usr,amdgcn-amdhsa=/build/gcc-11-XeT9lY/gcc-11-11.4.0/debian/tmp-gcn/usr --without-cuda-driver --enable-checking=release --build=x86_64-linux-gnu --host=x86_64-linux-gnu --target=x86_64-linux-gnu --with-build-config=bootstrap-lto-lean --enable-link-serialization=2
Thread model: posix
Supported LTO compression algorithms: zlib zstd
gcc version 11.4.0 (Ubuntu 11.4.0-1ubuntu1~22.04) 
COLLECT_GCC_OPTIONS='-v' '-o' 'CMakeFiles/cmTC_6048c.dir/CMakeCCompilerABI.c.o' '-c' '-mtune=generic' '-march=x86-64' '-dumpdir' 'CMakeFiles/cmTC_6048c.dir/'
 /usr/lib/gcc/x86_64-linux-gnu/11/cc1 -quiet -v -imultiarch x86_64-linux-gnu /usr/share/cmake-3.22/Modules/CMakeCCompilerABI.c -quiet -dumpdir CMakeFiles/cmTC_6048c.dir/ -dumpbase CMakeCCompilerABI.c.c -dumpbase-ext .c -mtune=generic -march=x86-64 -version -fasynchronous-unwind-tables -fstack-protector-strong -Wformat -Wformat-security -fstack-clash-protection -fcf-protection -o /tmp/ccPQrgXv.s
GNU C17 (Ubuntu 11.4.0-1ubuntu1~22.04) version 11.4.0 (x86_64-linux-gnu)
	compiled by GNU C version 11.4.0, GMP version 6.2.1, MPFR version 4.1.0, MPC version 1.2.1, isl version isl-0.24-GMP

GGC heuristics: --param ggc-min-expand=100 --param ggc-min-heapsize=131072
ignoring nonexistent directory "/usr/local/include/x86_64-linux-gnu"
ignoring nonexistent directory "/usr/lib/gcc/x86_64-linux-gnu/11/include-fixed"
ignoring nonexistent directory "/usr/lib/gcc/x86_64-linux-gnu/11/../../../../x86_64-linux-gnu/include"
#include "..." search starts here:
#include <...> search starts here:
 /usr/lib/gcc/x86_64-linux-gnu/11/include
 /usr/local/include
 /usr/include/x86_64-linux-gnu
 /usr/include
End of search list.
GNU C17 (Ubuntu 11.4.0-1ubuntu1~22.04) version 11.4.0 (x86_64-linux-gnu)
	compiled by GNU C version 11.4.0, GMP version 6.2.1, MPFR version 4.1.0, MPC version 1.2.1, isl version isl-0.24-GMP

GGC heuristics: --param ggc-min-expand=100 --param ggc-min-heapsize=131072
Compiler executable checksum: 50eaa2331df977b8016186198deb2d18
COLLECT_GCC_OPTIONS='-v' '-o' 'CMakeFiles/cmTC_6048c.dir/CMakeCCompilerABI.c.o' '-c' '-mtune=generic' '-march=x86-64' '-dumpdir' 'CMakeFiles/cmTC_6048c.dir/'
 as -v --64 -o CMakeFiles/cmTC_6048c.dir/CMakeCCompilerABI.c.o /tmp/ccPQrgXv.s
GNU assembler version 2.38 (x86_64-linux-gnu) using BFD version (GNU Binutils for Ubuntu) 2.38
COMPILER_PATH=/usr/lib/gcc/x86_64-linux-gnu/11/:/usr/lib/gcc/x86_64-linux-gnu/11/:/usr/lib/gcc/x86_64-linux-gnu/:/usr/lib/gcc/x86_64-linux-gnu/11/:/usr/lib/gcc/x86_64-linux-gnu/
LIBRARY_PATH=/usr/lib/gcc/x86_64-linux-gnu/11/:/usr/lib/gcc/x86_64-linux-gnu/11/../../../x86_64-linux-gnu/:/usr/lib/gcc/x86_64-linux-gnu/11/../../../../lib/:/lib/x86_64-linux-gnu/:/lib/../lib/:/usr/lib/x86_64-linux-gnu/:/usr/lib/../lib/:/usr/lib/gcc/x86_64-linux-gnu/11/../../../:/lib/:/usr/lib/
COLLECT_GCC_OPTIONS='-v' '-o' 'CMakeFiles/cmTC_6048c.dir/CMakeCCompilerABI.c.o' '-c' '-mtune=generic' '-march=x86-64' '-dumpdir' 'CMakeFiles/cmTC_6048c.dir/CMakeCCompilerABI.c.'
Linking C executable cmTC_6048c
/usr/bin/cmake -E cmake_link_script CMakeFiles/cmTC_6048c.dir/link.txt --verbose=1
/usr/bin/cc  -v CMakeFiles/cmTC_6048c.dir/CMakeCCompilerABI.c.o -o cmTC_6048c 
Using built-in specs.
COLLECT_GCC=/usr/bin/cc
COLLECT_LTO_WRAPPER=/usr/lib/gcc/x86_64-linux-gnu/11/lto-wrapper
OFFLOAD_TARGET_NAMES=nvptx-none:amdgcn-amdhsa
OFFLOAD_TARGET_DEFAULT=1
Target: x86_64-linux-gnu
Configured with: ../src/configure -v --with-pkgversion='Ubuntu 11.4.0-1ubuntu1~22.04' --with-bugurl=file:///usr/share/doc/gcc-11/README.Bugs --enable-languages=c,ada,c++,go,brig,d,fortran,objc,obj-c++,m2 --prefix=/usr --with-gcc-major-version-only --program-suffix=-11 --program-prefix=x86_64-linux-gnu- --enable-shared --enable-linker-build-id --libexecdir=/usr/lib --without-included-gettext --enable-threads=posix --libdir=/usr/lib --enable-nls --enable-bootstrap --enable-clocale=gnu --enable-libstdcxx-debug --enable-libstdcxx-time=yes --with-default-libstdcxx-abi=new --enable-gnu-unique-object --disable-vtable-verify --enable-plugin --enable-default-pie --with-system-zlib --enable-libphobos-checking=release --with-target-system-zlib=auto --enable-objc-gc=auto --enable-multiarch --disable-werror --enable-cet --with-arch-32=i686 --with-abi=m64 --with-multilib-list=m32,m64,mx32 --enable-multilib --with-tune=generic --enable-offload-targets=nvptx-none=/build/gcc-11-XeT9lY/gcc-11-11.4.0/debian/tmp-nvptx/usr,amdgcn-amdhsa=/build/gcc-11-XeT9lY/gcc-11-11.4.0/debian/tmp-gcn/usr --without-cuda-driver --enable-checking=release --build=x86_64-linux-gnu --host=x86_64-linux-gnu --target=x86_64-linux-gnu --with-build-config=bootstrap-lto-lean --enable-link-serialization=2
Thread model: posix
Supported LTO compression algorithms: zlib zstd
gcc version 11.4.0 (Ubuntu 11.4.0-1ubuntu1~22.04) 
COMPILER_PATH=/usr/lib/gcc/x86_64-linux-gnu/11/:/usr/lib/gcc/x86_64-linux-gnu/11/:/usr/lib/gcc/x86_64-linux-gnu/:/usr/lib/gcc/x86_64-linux-gnu/11/:/usr/lib/gcc/x86_64-linux-gnu/
LIBRARY_PATH=/usr/lib/gcc/x86_64-linux-gnu/11/:/usr/lib/gcc/x86_64-linux-gnu/11/../../../x86_64-linux-gnu/:/usr/lib/gcc/x86_64-linux-gnu/11/../../../../lib/:/lib/x86_64-linux-gnu/:/lib/../lib/:/usr/lib/x86_64-linux-gnu/:/usr/lib/../lib/:/usr/lib/gcc/x86_64-linux-gnu/11/../../../:/lib/:/usr/lib/
COLLECT_GCC_OPTIONS='-v' '-o' 'cmTC_6048c' '-mtune=generic' '-march=x86-64' '-dumpdir' 'cmTC_6048c.'
 /usr/lib/gcc/x86_64-linux-gnu/11/collect2 -plugin /usr/lib/gcc/x86_64-linux-gnu/11/liblto_plugin.so -plugin-opt=/usr/lib/gcc/x86_64-linux-gnu/11/lto-wrapper -plugin-opt=-fresolution=/tmp/ccUl4ahj.res -plugin-opt=-pass-through=-lgcc -plugin-opt=-pass-through=-lgcc_s -plugin-opt=-pass-through=-lc -plugin-opt=-pass-through=-lgcc -plugin-opt=-pass-through=-lgcc_s --build-id --eh-frame-hdr -m elf_x86_64 --hash-style=gnu --as-needed -dynamic-linker /lib64/ld-linux-x86-64.so.2 -pie -z now -z relro -o cmTC_6048c /usr/lib/gcc/x86_64-linux-gnu/11/../../../x86_64-linux-gnu/Scrt1.o /usr/lib/gcc/x86_64-linux-gnu/11/../../../x86_64-linux-gnu/crti.o /usr/lib/gcc/x86_64-linux-gnu/11/crtbeginS.o -L/usr/lib/gcc/x86_64-linux-gnu/11 -L/usr/lib/gcc/x86_64-linux-gnu/11/../../../x86_64-linux-gnu -L/usr/lib/gcc/x86_64-linux-gnu/11/../../../../lib -L/lib/x86_64-linux-gnu -L/lib/../lib -L/usr/lib/x86_64-linux-gnu -L/usr/lib/../lib -L/usr/lib/gcc/x86_64-linux-gnu/11/../../.. CMakeFiles/cmTC_6048c.dir/CMakeCCompilerABI.c.o -lgcc --push-state --as-needed -lgcc_s --pop-state -lc -lgcc --push-state --as-needed -lgcc_s --pop-state /usr/lib/gcc/x86_64-linux-gnu/11/crtendS.o /usr/lib/gcc/x86_64-linux-gnu/11/../../../x86_64-linux-gnu/crtn.o
COLLECT_GCC_OPTIONS='-v' '-o' 'cmTC_6048c' '-mtune=generic' '-march=x86-64' '-dumpdir' 'cmTC_6048c.'
gmake[1]: Leaving directory '/home/thomas/Bureau/ProjetImage/ProjetImage_IMAGINE_BES_CARO_NOYE/Code/fltk/build/CMakeFiles/CMakeTmp'



Parsed C implicit include dir info from above output: rv=done
  found start of include info
  found start of implicit include info
    add: [/usr/lib/gcc/x86_64-linux-gnu/11/include]
    add: [/usr/local/include]
    add: [/usr/include/x86_64-linux-gnu]
    add: [/usr/include]
  end of search list found
  collapse include dir [/usr/lib/gcc/x86_64-linux-gnu/11/include] ==> [/usr/lib/gcc/x86_64-linux-gnu/11/include]
  collapse include dir [/usr/local/include] ==> [/usr/local/include]
  collapse include dir [/usr/include/x86_64-linux-gnu] ==> [/usr/include/x86_64-linux-gnu]
  collapse include dir [/usr/include] ==> [/usr/include]
  implicit include dirs: [/usr/lib/gcc/x86_64-linux-gnu/11/include;/usr/local/include;/usr/include/x86_64-linux-gnu;/usr/include]


Parsed C implicit link information from above output:
  link line regex: [^( *|.*[/\])(ld|CMAKE_LINK_STARTFILE-NOTFOUND|([^/\]+-)?ld|collect2)[^/\]*( |$)]
  ignore line: [Change Dir: /home/thomas/Bureau/ProjetImage/ProjetImage_IMAGINE_BES_CARO_NOYE/Code/fltk/build/CMakeFiles/CMakeTmp]
  ignore line: []
  ignore line: [Run Build Command(s):/usr/bin/gmake -f Makefile cmTC_6048c/fast && /usr/bin/gmake  -f CMakeFiles/cmTC_6048c.dir/build.make CMakeFiles/cmTC_6048c.dir/build]
  ignore line: [gmake[1]: Entering directory '/home/thomas/Bureau/ProjetImage/ProjetImage_IMAGINE_BES_CARO_NOYE/Code/fltk/build/CMakeFiles/CMakeTmp']
  ignore line: [Building C object CMakeFiles/cmTC_6048c.dir/CMakeCCompilerABI.c.o]
  ignore line: [/usr/bin/cc   -v -o CMakeFiles/cmTC_6048c.dir/CMakeCCompilerABI.c.o -c /usr/share/cmake-3.22/Modules/CMakeCCompilerABI.c]
  ignore line: [Using built-in specs.]
  ignore line: [COLLECT_GCC=/usr/bin/cc]
  ignore line: [OFFLOAD_TARGET_NAMES=nvptx-none:amdgcn-amdhsa]
  ignore line: [OFFLOAD_TARGET_DEFAULT=1]
  ignore line: [Target: x86_64-linux-gnu]
  ignore line: [Configured with: ../src/configure -v --with-pkgversion='Ubuntu 11.4.0-1ubuntu1~22.04' --with-bugurl=file:///usr/share/doc/gcc-11/README.Bugs --enable-languages=c ada c++ go brig d fortran objc obj-c++ m2 --prefix=/usr --with-gcc-major-version-only --program-suffix=-11 --program-prefix=x86_64-linux-gnu- --enable-shared --enable-linker-build-id --libexecdir=/usr/lib --without-included-gettext --enable-threads=posix --libdir=/usr/lib --enable-nls --enable-bootstrap --enable-clocale=gnu --enable-libstdcxx-debug --enable-libstdcxx-time=yes --with-default-libstdcxx-abi=new --enable-gnu-unique-object --disable-vtable-verify --enable-plugin --enable-default-pie --with-system-zlib --enable-libphobos-checking=release --with-target-system-zlib=auto --enable-objc-gc=auto --enable-multiarch --disable-werror --enable-cet --with-arch-32=i686 --with-abi=m64 --with-multilib-list=m32 m64 mx32 --enable-multilib --with-tune=generic --enable-offload-targets=nvptx-none=/build/gcc-11-XeT9lY/gcc-11-11.4.0/debian/tmp-nvptx/usr amdgcn-amdhsa=/build/gcc-11-XeT9lY/gcc-11-11.4.0/debian/tmp-gcn/usr --without-cuda-driver --enable-checking=release --build=x86_64-linux-gnu --host=x86_64-linux-gnu --target=x86_64-linux-gnu --with-build-config=bootstrap-lto-lean --enable-link-serialization=2]
  ignore line: [Thread model: posix]
  ignore line: [Supported LTO compression algorithms: zlib zstd]
  ignore line: [gcc version 11.4.0 (Ubuntu 11.4.0-1ubuntu1~22.04) ]
  ignore line: [COLLECT_GCC_OPTIONS='-v' '-o' 'CMakeFiles/cmTC_6048c.dir/CMakeCCompilerABI.c.o' '-c' '-mtune=generic' '-march=x86-64' '-dumpdir' 'CMakeFiles/cmTC_6048c.dir/']
  ignore line: [ /usr/lib/gcc/x86_64-linux-gnu/11/cc1 -quiet -v -imultiarch x86_64-linux-gnu /usr/share/cmake-3.22/Modules/CMakeCCompilerABI.c -quiet -dumpdir CMakeFiles/cmTC_6048c.dir/ -dumpbase CMakeCCompilerABI.c.c -dumpbase-ext .c -mtune=generic -march=x86-64 -version -fasynchronous-unwind-tables -fstack-protector-strong -Wformat -Wformat-security -fstack-clash-protection -fcf-protection -o /tmp/ccPQrgXv.s]
  ignore line: [GNU C17 (Ubuntu 11.4.0-1ubuntu1~22.04) version 11.4.0 (x86_64-linux-gnu)]
  ignore line: [	compiled by GNU C version 11.4.0  GMP version 6.2.1  MPFR version 4.1.0  MPC version 1.2.1  isl version isl-0.24-GMP]
  ignore line: []
  ignore line: [GGC heuristics: --param ggc-min-expand=100 --param ggc-min-heapsize=131072]
  ignore line: [ignoring nonexistent directory "/usr/local/include/x86_64-linux-gnu"]
  ignore line: [ignoring nonexistent directory "/usr/lib/gcc/x86_64-linux-gnu/11/include-fixed"]
  ignore line: [ignoring nonexistent directory "/usr/lib/gcc/x86_64-linux-gnu/11/../../../../x86_64-linux-gnu/include"]
  ignore line: [#include "..." search starts here:]
  ignore line: [#include <...> search starts here:]
  ignore line: [ /usr/lib/gcc/x86_64-linux-gnu/11/include]
  ignore line: [ /usr/local/include]
  ignore line: [ /usr/include/x86_64-linux-gnu]
  ignore line: [ /usr/include]
  ignore line: [End of search list.]
  ignore line: [GNU C17 (Ubuntu 11.4.0-1ubuntu1~22.04) version 11.4.0 (x86_64-linux-gnu)]
  ignore line: [	compiled by GNU C version 11.4.0  GMP version 6.2.1  MPFR version 4.1.0  MPC version 1.2.1  isl version isl-0.24-GMP]
  ignore line: []
  ignore line: [GGC heuristics: --param ggc-min-expand=100 --param ggc-min-heapsize=131072]
  ignore line: [Compiler executable checksum: 50eaa2331df977b8016186198deb2d18]
  ignore line: [COLLECT_GCC_OPTIONS='-v' '-o' 'CMakeFiles/cmTC_6048c.dir/CMakeCCompilerABI.c.o' '-c' '-mtune=generic' '-march=x86-64' '-dumpdir' 'CMakeFiles/cmTC_6048c.dir/']
  ignore line: [ as -v --64 -o CMakeFiles/cmTC_6048c.dir/CMakeCCompilerABI.c.o /tmp/ccPQrgXv.s]
  ignore line: [GNU assembler version 2.38 (x86_64-linux-gnu) using BFD version (GNU Binutils for Ubuntu) 2.38]
  ignore line: [COMPILER_PATH=/usr/lib/gcc/x86_64-linux-gnu/11/:/usr/lib/gcc/x86_64-linux-gnu/11/:/usr/lib/gcc/x86_64-linux-gnu/:/usr/lib/gcc/x86_64-linux-gnu/11/:/usr/lib/gcc/x86_64-linux-gnu/]
  ignore line: [LIBRARY_PATH=/usr/lib/gcc/x86_64-linux-gnu/11/:/usr/lib/gcc/x86_64-linux-gnu/11/../../../x86_64-linux-gnu/:/usr/lib/gcc/x86_64-linux-gnu/11/../../../../lib/:/lib/x86_64-linux-gnu/:/lib/../lib/:/usr/lib/x86_64-linux-gnu/:/usr/lib/../lib/:/usr/lib/gcc/x86_64-linux-gnu/11/../../../:/lib/:/usr/lib/]
  ignore line: [COLLECT_GCC_OPTIONS='-v' '-o' 'CMakeFiles/cmTC_6048c.dir/CMakeCCompilerABI.c.o' '-c' '-mtune=generic' '-march=x86-64' '-dumpdir' 'CMakeFiles/cmTC_6048c.dir/CMakeCCompilerABI.c.']
  ignore line: [Linking C executable cmTC_6048c]
  ignore line: [/usr/bin/cmake -E cmake_link_script CMakeFiles/cmTC_6048c.dir/link.txt --verbose=1]
  ignore line: [/usr/bin/cc  -v CMakeFiles/cmTC_6048c.dir/CMakeCCompilerABI.c.o -o cmTC_6048c ]
  ignore line: [Using built-in specs.]
  ignore line: [COLLECT_GCC=/usr/bin/cc]
  ignore line: [COLLECT_LTO_WRAPPER=/usr/lib/gcc/x86_64-linux-gnu/11/lto-wrapper]
  ignore line: [OFFLOAD_TARGET_NAMES=nvptx-none:amdgcn-amdhsa]
  ignore line: [OFFLOAD_TARGET_DEFAULT=1]
  ignore line: [Target: x86_64-linux-gnu]
  ignore line: [Configured with: ../src/configure -v --with-pkgversion='Ubuntu 11.4.0-1ubuntu1~22.04' --with-bugurl=file:///usr/share/doc/gcc-11/README.Bugs --enable-languages=c ada c++ go brig d fortran objc obj-c++ m2 --prefix=/usr --with-gcc-major-version-only --program-suffix=-11 --program-prefix=x86_64-linux-gnu- --enable-shared --enable-linker-build-id --libexecdir=/usr/lib --without-included-gettext --enable-threads=posix --libdir=/usr/lib --enable-nls --enable-bootstrap --enable-clocale=gnu --enable-libstdcxx-debug --enable-libstdcxx-time=yes --with-default-libstdcxx-abi=new --enable-gnu-unique-object --disable-vtable-verify --enable-plugin --enable-default-pie --with-system-zlib --enable-libphobos-checking=release --with-target-system-zlib=auto --enable-objc-gc=auto --enable-multiarch --disable-werror --enable-cet --with-arch-32=i686 --with-abi=m64 --with-multilib-list=m32 m64 mx32 --enable-multilib --with-tune=generic --enable-offload-targets=nvptx-none=/build/gcc-11-XeT9lY/gcc-11-11.4.0/debian/tmp-nvptx/usr amdgcn-amdhsa=/build/gcc-11-XeT9lY/gcc-11-11.4.0/debian/tmp-gcn/usr --without-cuda-driver --enable-checking=release --build=x86_64-linux-gnu --host=x86_64-linux-gnu --target=x86_64-linux-gnu --with-build-config=bootstrap-lto-lean --enable-link-serialization=2]
  ignore line: [Thread model: posix]
  ignore line: [Supported LTO compression algorithms: zlib zstd]
  ignore line: [gcc version 11.4.0 (Ubuntu 11.4.0-1ubuntu1~22.04) ]
  ignore line: [COMPILER_PATH=/usr/lib/gcc/x86_64-linux-gnu/11/:/usr/lib/gcc/x86_64-linux-gnu/11/:/usr/lib/gcc/x86_64-linux-gnu/:/usr/lib/gcc/x86_64-linux-gnu/11/:/usr/lib/gcc/x86_64-linux-gnu/]
  ignore line: [LIBRARY_PATH=/usr/lib/gcc/x86_64-linux-gnu/11/:/usr/lib/gcc/x86_64-linux-gnu/11/../../../x86_64-linux-gnu/:/usr/lib/gcc/x86_64-linux-gnu/11/../../../../lib/:/lib/x86_64-linux-gnu/:/lib/../lib/:/usr/lib/x86_64-linux-gnu/:/usr/lib/../lib/:/usr/lib/gcc/x86_64-linux-gnu/11/../../../:/lib/:/usr/lib/]
  ignore line: [COLLECT_GCC_OPTIONS='-v' '-o' 'cmTC_6048c' '-mtune=generic' '-march=x86-64' '-dumpdir' 'cmTC_6048c.']
  link line: [ /usr/lib/gcc/x86_64-linux-gnu/11/collect2 -plugin /usr/lib/gcc/x86_64-linux-gnu/11/liblto_plugin.so -plugin-opt=/usr/lib/gcc/x86_64-linux-gnu/11/lto-wrapper -plugin-opt=-fresolution=/tmp/ccUl4ahj.res -plugin-opt=-pass-through=-lgcc -plugin-opt=-pass-through=-lgcc_s -plugin-opt=-pass-through=-lc -plugin-opt=-pass-through=-lgcc -plugin-opt=-pass-through=-lgcc_s --build-id --eh-frame-hdr -m elf_x86_64 --hash-style=gnu --as-needed -dynamic-linker /lib64/ld-linux-x86-64.so.2 -pie -z now -z relro -o cmTC_6048c /usr/lib/gcc/x86_64-linux-gnu/11/../../../x86_64-linux-gnu/Scrt1.o /usr/lib/gcc/x86_64-linux-gnu/11/../../../x86_64-linux-gnu/crti.o /usr/lib/gcc/x86_64-linux-gnu/11/crtbeginS.o -L/usr/lib/gcc/x86_64-linux-gnu/11 -L/usr/lib/gcc/x86_64-linux-gnu/11/../../../x86_64-linux-gnu -L/usr/lib/gcc/x86_64-linux-gnu/11/../../../../lib -L/lib/x86_64-linux-gnu -L/lib/../lib -L/usr/lib/x86_64-linux-gnu -L/usr/lib/../lib -L/usr/lib/gcc/x86_64-linux-gnu/11/../../.. CMakeFiles/cmTC_6048c.dir/CMakeCCompilerABI.c.o -lgcc --push-state --as-needed -lgcc_s --pop-state -lc -lgcc --push-state --as-needed -lgcc_s --pop-state /usr/lib/gcc/x86_64-linux-gnu/11/crtendS.o /usr/lib/gcc/x86_64-linux-gnu/11/../../../x86_64-linux-gnu/crtn.o]
    arg [/usr/lib/gcc/x86_64-linux-gnu/11/collect2] ==> ignore
    arg [-plugin] ==> ignore
    arg [/usr/lib/gcc/x86_64-linux-gnu/11/liblto_plugin.so] ==> ignore
    arg [-plugin-opt=/usr/lib/gcc/x86_64-linux-gnu/11/lto-wrapper] ==> ignore
    arg [-plugin-opt=-fresolution=/tmp/ccUl4ahj.res] ==> ignore
    arg [-plugin-opt=-pass-through=-lgcc] ==> ignore
    arg [-plugin-opt=-pass-through=-lgcc_s] ==> ignore
    arg [-plugin-opt=-pass-through=-lc] ==> ignore
    arg [-plugin-opt=-pass-through=-lgcc] ==> ignore
    arg [-plugin-opt=-pass-through=-lgcc_s] ==> ignore
    arg [--build-id] ==> ignore
    arg [--eh-frame-hdr] ==> ignore
    arg [-m] ==> ignore
    arg [elf_x86_64] ==> ignore
    arg [--hash-style=gnu] ==> ignore
    arg [--as-needed] ==> ignore
    arg [-dynamic-linker] ==> ignore
    arg [/lib64/ld-linux-x86-64.so.2] ==> ignore
    arg [-pie] ==> ignore
    arg [-znow] ==> ignore
    arg [-zrelro] ==> ignore
    arg [-o] ==> ignore
    arg [cmTC_6048c] ==> ignore
    arg [/usr/lib/gcc/x86_64-linux-gnu/11/../../../x86_64-linux-gnu/Scrt1.o] ==> obj [/usr/lib/gcc/x86_64-linux-gnu/11/../../../x86_64-linux-gnu/Scrt1.o]
    arg [/usr/lib/gcc/x86_64-linux-gnu/11/../../../x86_64-linux-gnu/crti.o] ==> obj [/usr/lib/gcc/x86_64-linux-gnu/11/../../../x86_64-linux-gnu/crti.o]
    arg [/usr/lib/gcc/x86_64-linux-gnu/11/crtbeginS.o] ==> obj [/usr/lib/gcc/x86_64-linux-gnu/11/crtbeginS.o]
    arg [-L/usr/lib/gcc/x86_64-linux-gnu/11] ==> dir [/usr/lib/gcc/x86_64-linux-gnu/11]
    arg [-L/usr/lib/gcc/x86_64-linux-gnu/11/../../../x86_64-linux-gnu] ==> dir [/usr/lib/gcc/x86_64-linux-gnu/11/../../../x86_64-linux-gnu]
    arg [-L/usr/lib/gcc/x86_64-linux-gnu/11/../../../../lib] ==> dir [/usr/lib/gcc/x86_64-linux-gnu/11/../../../../lib]
    arg [-L/lib/x86_64-linux-gnu] ==> dir [/lib/x86_64-linux-gnu]
    arg [-L/lib/../lib] ==> dir [/lib/../lib]
    arg [-L/usr/lib/x86_64-linux-gnu] ==> dir [/usr/lib/x86_64-linux-gnu]
    arg [-L/usr/lib/../lib] ==> dir [/usr/lib/../lib]
    arg [-L/usr/lib/gcc/x86_64-linux-gnu/11/../../..] ==> dir [/usr/lib/gcc/x86_64-linux-gnu/11/../../..]
    arg [CMakeFiles/cmTC_6048c.dir/CMakeCCompilerABI.c.o] ==> ignore
    arg [-lgcc] ==> lib [gcc]
    arg [--push-state] ==> ignore
    arg [--as-needed] ==> ignore
    arg [-lgcc_s] ==> lib [gcc_s]
    arg [--pop-state] ==> ignore
    arg [-lc] ==> lib [c]
    arg [-lgcc] ==> lib [gcc]
    arg [--push-state] ==> ignore
    arg [--as-needed] ==> ignore
    arg [-lgcc_s] ==> lib [gcc_s]
    arg [--pop-state] ==> ignore
    arg [/usr/lib/gcc/x86_64-linux-gnu/11/crtendS.o] ==> obj [/usr/lib/gcc/x86_64-linux-gnu/11/crtendS.o]
    arg [/usr/lib/gcc/x86_64-linux-gnu/11/../../../x86_64-linux-gnu/crtn.o] ==> obj [/usr/lib/gcc/x86_64-linux-gnu/11/../../../x86_64-linux-gnu/crtn.o]
  collapse obj [/usr/lib/gcc/x86_64-linux-gnu/11/../../../x86_64-linux-gnu/Scrt1.o] ==> [/usr/lib/x86_64-linux-gnu/Scrt1.o]
  collapse obj [/usr/lib/gcc/x86_64-linux-gnu/11/../../../x86_64-linux-gnu/crti.o] ==> [/usr/lib/x86_64-linux-gnu/crti.o]
  collapse obj [/usr/lib/gcc/x86_64-linux-gnu/11/../../../x86_64-linux-gnu/crtn.o] ==> [/usr/lib/x86_64-linux-gnu/crtn.o]
  collapse library dir [/usr/lib/gcc/x86_64-linux-gnu/11] ==> [/usr/lib/gcc/x86_64-linux-gnu/11]
  collapse library dir [/usr/lib/gcc/x86_64-linux-gnu/11/../../../x86_64-linux-gnu] ==> [/usr/lib/x86_64-linux-gnu]
  collapse library dir [/usr/lib/gcc/x86_64-linux-gnu/11/../../../../lib] ==> [/usr/lib]
  collapse library dir [/lib/x86_64-linux-gnu] ==> [/lib/x86_64-linux-gnu]
  collapse library dir [/lib/../lib] ==> [/lib]
  collapse library dir [/usr/lib/x86_64-linux-gnu] ==> [/usr/lib/x86_64-linux-gnu]
  collapse library dir [/usr/lib/../lib] ==> [/usr/lib]
  collapse library dir [/usr/lib/gcc/x86_64-linux-gnu/11/../../..] ==> [/usr/lib]
  implicit libs: [gcc;gcc_s;c;gcc;gcc_s]
  implicit objs: [/usr/lib/x86_64-linux-gnu/Scrt1.o;/usr/lib/x86_64-linux-gnu/crti.o;/usr/lib/gcc/x86_64-linux-gnu/11/crtbeginS.o;/usr/lib/gcc/x86_64-linux-gnu/11/crtendS.o;/usr/lib/x86_64-linux-gnu/crtn.o]
  implicit dirs: [/usr/lib/gcc/x86_64-linux-gnu/11;/usr/lib/x86_64-linux-gnu;/usr/lib;/lib/x86_64-linux-gnu;/lib]
  implicit fwks: []


Detecting CXX compiler ABI info compiled with the following output:
Change Dir: /home/thomas/Bureau/ProjetImage/ProjetImage_IMAGINE_BES_CARO_NOYE/Code/fltk/build/CMakeFiles/CMakeTmp

Run Build Command(s):/usr/bin/gmake -f Makefile cmTC_a31fa/fast && /usr/bin/gmake  -f CMakeFiles/cmTC_a31fa.dir/build.make CMakeFiles/cmTC_a31fa.dir/build
gmake[1]: Entering directory '/home/thomas/Bureau/ProjetImage/ProjetImage_IMAGINE_BES_CARO_NOYE/Code/fltk/build/CMakeFiles/CMakeTmp'
Building CXX object CMakeFiles/cmTC_a31fa.dir/CMakeCXXCompilerABI.cpp.o
/usr/bin/c++   -v -o CMakeFiles/cmTC_a31fa.dir/CMakeCXXCompilerABI.cpp.o -c /usr/share/cmake-3.22/Modules/CMakeCXXCompilerABI.cpp
Using built-in specs.
COLLECT_GCC=/usr/bin/c++
OFFLOAD_TARGET_NAMES=nvptx-none:amdgcn-amdhsa
OFFLOAD_TARGET_DEFAULT=1
Target: x86_64-linux-gnu
Configured with: ../src/configure -v --with-pkgversion='Ubuntu 11.4.0-1ubuntu1~22.04' --with-bugurl=file:///usr/share/doc/gcc-11/README.Bugs --enable-languages=c,ada,c++,go,brig,d,fortran,objc,obj-c++,m2 --prefix=/usr --with-gcc-major-version-only --program-suffix=-11 --program-prefix=x86_64-linux-gnu- --enable-shared --enable-linker-build-id --libexecdir=/usr/lib --without-included-gettext --enable-threads=posix --libdir=/usr/lib --enable-nls --enable-bootstrap --enable-clocale=gnu --enable-libstdcxx-debug --enable-libstdcxx-time=yes --with-default-libstdcxx-abi=new --enable-gnu-unique-object --disable-vtable-verify --enable-plugin --enable-default-pie --with-system-zlib --enable-libphobos-checking=release --with-target-system-zlib=auto --enable-objc-gc=auto --enable-multiarch --disable-werror --enable-cet --with-arch-32=i686 --with-abi=m64 --with-multilib-list=m32,m64,mx32 --enable-multilib --with-tune=generic --enable-offload-targets=nvptx-none=/build/gcc-11-XeT9lY/gcc-11-11.4.0/debian/tmp-nvptx/usr,amdgcn-amdhsa=/build/gcc-11-XeT9lY/gcc-11-11.4.0/debian/tmp-gcn/usr --without-cuda-driver --enable-checking=release --build=x86_64-linux-gnu --host=x86_64-linux-gnu --target=x86_64-linux-gnu --with-build-config=bootstrap-lto-lean --enable-link-serialization=2
Thread model: posix
Supported LTO compression algorithms: zlib zstd
gcc version 11.4.0 (Ubuntu 11.4.0-1ubuntu1~22.04) 
COLLECT_GCC_OPTIONS='-v' '-o' 'CMakeFiles/cmTC_a31fa.dir/CMakeCXXCompilerABI.cpp.o' '-c' '-shared-libgcc' '-mtune=generic' '-march=x86-64' '-dumpdir' 'CMakeFiles/cmTC_a31fa.dir/'
 /usr/lib/gcc/x86_64-linux-gnu/11/cc1plus -quiet -v -imultiarch x86_64-linux-gnu -D_GNU_SOURCE /usr/share/cmake-3.22/Modules/CMakeCXXCompilerABI.cpp -quiet -dumpdir CMakeFiles/cmTC_a31fa.dir/ -dumpbase CMakeCXXCompilerABI.cpp.cpp -dumpbase-ext .cpp -mtune=generic -march=x86-64 -version -fasynchronous-unwind-tables -fstack-protector-strong -Wformat -Wformat-security -fstack-clash-protection -fcf-protection -o /tmp/cczHA4xT.s
GNU C++17 (Ubuntu 11.4.0-1ubuntu1~22.04) version 11.4.0 (x86_64-linux-gnu)
	compiled by GNU C version 11.4.0, GMP version 6.2.1, MPFR version 4.1.0, MPC version 1.2.1, isl version isl-0.24-GMP

GGC heuristics: --param ggc-min-expand=100 --param ggc-min-heapsize=131072
ignoring duplicate directory "/usr/include/x86_64-linux-gnu/c++/11"
ignoring nonexistent directory "/usr/local/include/x86_64-linux-gnu"
ignoring nonexistent directory "/usr/lib/gcc/x86_64-linux-gnu/11/include-fixed"
ignoring nonexistent directory "/usr/lib/gcc/x86_64-linux-gnu/11/../../../../x86_64-linux-gnu/include"
#include "..." search starts here:
#include <...> search starts here:
 /usr/include/c++/11
 /usr/include/x86_64-linux-gnu/c++/11
 /usr/include/c++/11/backward
 /usr/lib/gcc/x86_64-linux-gnu/11/include
 /usr/local/include
 /usr/include/x86_64-linux-gnu
 /usr/include
End of search list.
GNU C++17 (Ubuntu 11.4.0-1ubuntu1~22.04) version 11.4.0 (x86_64-linux-gnu)
	compiled by GNU C version 11.4.0, GMP version 6.2.1, MPFR version 4.1.0, MPC version 1.2.1, isl version isl-0.24-GMP

GGC heuristics: --param ggc-min-expand=100 --param ggc-min-heapsize=131072
Compiler executable checksum: d591828bb4d392ae8b7b160e5bb0b95f
COLLECT_GCC_OPTIONS='-v' '-o' 'CMakeFiles/cmTC_a31fa.dir/CMakeCXXCompilerABI.cpp.o' '-c' '-shared-libgcc' '-mtune=generic' '-march=x86-64' '-dumpdir' 'CMakeFiles/cmTC_a31fa.dir/'
 as -v --64 -o CMakeFiles/cmTC_a31fa.dir/CMakeCXXCompilerABI.cpp.o /tmp/cczHA4xT.s
GNU assembler version 2.38 (x86_64-linux-gnu) using BFD version (GNU Binutils for Ubuntu) 2.38
COMPILER_PATH=/usr/lib/gcc/x86_64-linux-gnu/11/:/usr/lib/gcc/x86_64-linux-gnu/11/:/usr/lib/gcc/x86_64-linux-gnu/:/usr/lib/gcc/x86_64-linux-gnu/11/:/usr/lib/gcc/x86_64-linux-gnu/
LIBRARY_PATH=/usr/lib/gcc/x86_64-linux-gnu/11/:/usr/lib/gcc/x86_64-linux-gnu/11/../../../x86_64-linux-gnu/:/usr/lib/gcc/x86_64-linux-gnu/11/../../../../lib/:/lib/x86_64-linux-gnu/:/lib/../lib/:/usr/lib/x86_64-linux-gnu/:/usr/lib/../lib/:/usr/lib/gcc/x86_64-linux-gnu/11/../../../:/lib/:/usr/lib/
COLLECT_GCC_OPTIONS='-v' '-o' 'CMakeFiles/cmTC_a31fa.dir/CMakeCXXCompilerABI.cpp.o' '-c' '-shared-libgcc' '-mtune=generic' '-march=x86-64' '-dumpdir' 'CMakeFiles/cmTC_a31fa.dir/CMakeCXXCompilerABI.cpp.'
Linking CXX executable cmTC_a31fa
/usr/bin/cmake -E cmake_link_script CMakeFiles/cmTC_a31fa.dir/link.txt --verbose=1
/usr/bin/c++  -v CMakeFiles/cmTC_a31fa.dir/CMakeCXXCompilerABI.cpp.o -o cmTC_a31fa 
Using built-in specs.
COLLECT_GCC=/usr/bin/c++
COLLECT_LTO_WRAPPER=/usr/lib/gcc/x86_64-linux-gnu/11/lto-wrapper
OFFLOAD_TARGET_NAMES=nvptx-none:amdgcn-amdhsa
OFFLOAD_TARGET_DEFAULT=1
Target: x86_64-linux-gnu
Configured with: ../src/configure -v --with-pkgversion='Ubuntu 11.4.0-1ubuntu1~22.04' --with-bugurl=file:///usr/share/doc/gcc-11/README.Bugs --enable-languages=c,ada,c++,go,brig,d,fortran,objc,obj-c++,m2 --prefix=/usr --with-gcc-major-version-only --program-suffix=-11 --program-prefix=x86_64-linux-gnu- --enable-shared --enable-linker-build-id --libexecdir=/usr/lib --without-included-gettext --enable-threads=posix --libdir=/usr/lib --enable-nls --enable-bootstrap --enable-clocale=gnu --enable-libstdcxx-debug --enable-libstdcxx-time=yes --with-default-libstdcxx-abi=new --enable-gnu-unique-object --disable-vtable-verify --enable-plugin --enable-default-pie --with-system-zlib --enable-libphobos-checking=release --with-target-system-zlib=auto --enable-objc-gc=auto --enable-multiarch --disable-werror --enable-cet --with-arch-32=i686 --with-abi=m64 --with-multilib-list=m32,m64,mx32 --enable-multilib --with-tune=generic --enable-offload-targets=nvptx-none=/build/gcc-11-XeT9lY/gcc-11-11.4.0/debian/tmp-nvptx/usr,amdgcn-amdhsa=/build/gcc-11-XeT9lY/gcc-11-11.4.0/debian/tmp-gcn/usr --without-cuda-driver --enable-checking=release --build=x86_64-linux-gnu --host=x86_64-linux-gnu --target=x86_64-linux-gnu --with-build-config=bootstrap-lto-lean --enable-link-serialization=2
Thread model: posix
Supported LTO compression algorithms: zlib zstd
gcc version 11.4.0 (Ubuntu 11.4.0-1ubuntu1~22.04) 
COMPILER_PATH=/usr/lib/gcc/x86_64-linux-gnu/11/:/usr/lib/gcc/x86_64-linux-gnu/11/:/usr/lib/gcc/x86_64-linux-gnu/:/usr/lib/gcc/x86_64-linux-gnu/11/:/usr/lib/gcc/x86_64-linux-gnu/
LIBRARY_PATH=/usr/lib/gcc/x86_64-linux-gnu/11/:/usr/lib/gcc/x86_64-linux-gnu/11/../../../x86_64-linux-gnu/:/usr/lib/gcc/x86_64-linux-gnu/11/../../../../lib/:/lib/x86_64-linux-gnu/:/lib/../lib/:/usr/lib/x86_64-linux-gnu/:/usr/lib/../lib/:/usr/lib/gcc/x86_64-linux-gnu/11/../../../:/lib/:/usr/lib/
COLLECT_GCC_OPTIONS='-v' '-o' 'cmTC_a31fa' '-shared-libgcc' '-mtune=generic' '-march=x86-64' '-dumpdir' 'cmTC_a31fa.'
 /usr/lib/gcc/x86_64-linux-gnu/11/collect2 -plugin /usr/lib/gcc/x86_64-linux-gnu/11/liblto_plugin.so -plugin-opt=/usr/lib/gcc/x86_64-linux-gnu/11/lto-wrapper -plugin-opt=-fresolution=/tmp/ccVF7doT.res -plugin-opt=-pass-through=-lgcc_s -plugin-opt=-pass-through=-lgcc -plugin-opt=-pass-through=-lc -plugin-opt=-pass-through=-lgcc_s -plugin-opt=-pass-through=-lgcc --build-id --eh-frame-hdr -m elf_x86_64 --hash-style=gnu --as-needed -dynamic-linker /lib64/ld-linux-x86-64.so.2 -pie -z now -z relro -o cmTC_a31fa /usr/lib/gcc/x86_64-linux-gnu/11/../../../x86_64-linux-gnu/Scrt1.o /usr/lib/gcc/x86_64-linux-gnu/11/../../../x86_64-linux-gnu/crti.o /usr/lib/gcc/x86_64-linux-gnu/11/crtbeginS.o -L/usr/lib/gcc/x86_64-linux-gnu/11 -L/usr/lib/gcc/x86_64-linux-gnu/11/../../../x86_64-linux-gnu -L/usr/lib/gcc/x86_64-linux-gnu/11/../../../../lib -L/lib/x86_64-linux-gnu -L/lib/../lib -L/usr/lib/x86_64-linux-gnu -L/usr/lib/../lib -L/usr/lib/gcc/x86_64-linux-gnu/11/../../.. CMakeFiles/cmTC_a31fa.dir/CMakeCXXCompilerABI.cpp.o -lstdc++ -lm -lgcc_s -lgcc -lc -lgcc_s -lgcc /usr/lib/gcc/x86_64-linux-gnu/11/crtendS.o /usr/lib/gcc/x86_64-linux-gnu/11/../../../x86_64-linux-gnu/crtn.o
COLLECT_GCC_OPTIONS='-v' '-o' 'cmTC_a31fa' '-shared-libgcc' '-mtune=generic' '-march=x86-64' '-dumpdir' 'cmTC_a31fa.'
gmake[1]: Leaving directory '/home/thomas/Bureau/ProjetImage/ProjetImage_IMAGINE_BES_CARO_NOYE/Code/fltk/build/CMakeFiles/CMakeTmp'



Parsed CXX implicit include dir info from above output: rv=done
  found start of include info
  found start of implicit include info
    add: [/usr/include/c++/11]
    add: [/usr/include/x86_64-linux-gnu/c++/11]
    add: [/usr/include/c++/11/backward]
    add: [/usr/lib/gcc/x86_64-linux-gnu/11/include]
    add: [/usr/local/include]
    add: [/usr/include/x86_64-linux-gnu]
    add: [/usr/include]
  end of search list found
  collapse include dir [/usr/include/c++/11] ==> [/usr/include/c++/11]
  collapse include dir [/usr/include/x86_64-linux-gnu/c++/11] ==> [/usr/include/x86_64-linux-gnu/c++/11]
  collapse include dir [/usr/include/c++/11/backward] ==> [/usr/include/c++/11/backward]
  collapse include dir [/usr/lib/gcc/x86_64-linux-gnu/11/include] ==> [/usr/lib/gcc/x86_64-linux-gnu/11/include]
  collapse include dir [/usr/local/include] ==> [/usr/local/include]
  collapse include dir [/usr/include/x86_64-linux-gnu] ==> [/usr/include/x86_64-linux-gnu]
  collapse include dir [/usr/include] ==> [/usr/include]
  implicit include dirs: [/usr/include/c++/11;/usr/include/x86_64-linux-gnu/c++/11;/usr/include/c++/11/backward;/usr/lib/gcc/x86_64-linux-gnu/11/include;/usr/local/include;/usr/include/x86_64-linux-gnu;/usr/include]


Parsed CXX implicit link information from above output:
  link line regex: [^( *|.*[/\])(ld|CMAKE_LINK_STARTFILE-NOTFOUND|([^/\]+-)?ld|collect2)[^/\]*( |$)]
  ignore line: [Change Dir: /home/thomas/Bureau/ProjetImage/ProjetImage_IMAGINE_BES_CARO_NOYE/Code/fltk/build/CMakeFiles/CMakeTmp]
  ignore line: []
  ignore line: [Run Build Command(s):/usr/bin/gmake -f Makefile cmTC_a31fa/fast && /usr/bin/gmake  -f CMakeFiles/cmTC_a31fa.dir/build.make CMakeFiles/cmTC_a31fa.dir/build]
  ignore line: [gmake[1]: Entering directory '/home/thomas/Bureau/ProjetImage/ProjetImage_IMAGINE_BES_CARO_NOYE/Code/fltk/build/CMakeFiles/CMakeTmp']
  ignore line: [Building CXX object CMakeFiles/cmTC_a31fa.dir/CMakeCXXCompilerABI.cpp.o]
  ignore line: [/usr/bin/c++   -v -o CMakeFiles/cmTC_a31fa.dir/CMakeCXXCompilerABI.cpp.o -c /usr/share/cmake-3.22/Modules/CMakeCXXCompilerABI.cpp]
  ignore line: [Using built-in specs.]
  ignore line: [COLLECT_GCC=/usr/bin/c++]
  ignore line: [OFFLOAD_TARGET_NAMES=nvptx-none:amdgcn-amdhsa]
  ignore line: [OFFLOAD_TARGET_DEFAULT=1]
  ignore line: [Target: x86_64-linux-gnu]
  ignore line: [Configured with: ../src/configure -v --with-pkgversion='Ubuntu 11.4.0-1ubuntu1~22.04' --with-bugurl=file:///usr/share/doc/gcc-11/README.Bugs --enable-languages=c ada c++ go brig d fortran objc obj-c++ m2 --prefix=/usr --with-gcc-major-version-only --program-suffix=-11 --program-prefix=x86_64-linux-gnu- --enable-shared --enable-linker-build-id --libexecdir=/usr/lib --without-included-gettext --enable-threads=posix --libdir=/usr/lib --enable-nls --enable-bootstrap --enable-clocale=gnu --enable-libstdcxx-debug --enable-libstdcxx-time=yes --with-default-libstdcxx-abi=new --enable-gnu-unique-object --disable-vtable-verify --enable-plugin --enable-default-pie --with-system-zlib --enable-libphobos-checking=release --with-target-system-zlib=auto --enable-objc-gc=auto --enable-multiarch --disable-werror --enable-cet --with-arch-32=i686 --with-abi=m64 --with-multilib-list=m32 m64 mx32 --enable-multilib --with-tune=generic --enable-offload-targets=nvptx-none=/build/gcc-11-XeT9lY/gcc-11-11.4.0/debian/tmp-nvptx/usr amdgcn-amdhsa=/build/gcc-11-XeT9lY/gcc-11-11.4.0/debian/tmp-gcn/usr --without-cuda-driver --enable-checking=release --build=x86_64-linux-gnu --host=x86_64-linux-gnu --target=x86_64-linux-gnu --with-build-config=bootstrap-lto-lean --enable-link-serialization=2]
  ignore line: [Thread model: posix]
  ignore line: [Supported LTO compression algorithms: zlib zstd]
  ignore line: [gcc version 11.4.0 (Ubuntu 11.4.0-1ubuntu1~22.04) ]
  ignore line: [COLLECT_GCC_OPTIONS='-v' '-o' 'CMakeFiles/cmTC_a31fa.dir/CMakeCXXCompilerABI.cpp.o' '-c' '-shared-libgcc' '-mtune=generic' '-march=x86-64' '-dumpdir' 'CMakeFiles/cmTC_a31fa.dir/']
  ignore line: [ /usr/lib/gcc/x86_64-linux-gnu/11/cc1plus -quiet -v -imultiarch x86_64-linux-gnu -D_GNU_SOURCE /usr/share/cmake-3.22/Modules/CMakeCXXCompilerABI.cpp -quiet -dumpdir CMakeFiles/cmTC_a31fa.dir/ -dumpbase CMakeCXXCompilerABI.cpp.cpp -dumpbase-ext .cpp -mtune=generic -march=x86-64 -version -fasynchronous-unwind-tables -fstack-protector-strong -Wformat -Wformat-security -fstack-clash-protection -fcf-protection -o /tmp/cczHA4xT.s]
  ignore line: [GNU C++17 (Ubuntu 11.4.0-1ubuntu1~22.04) version 11.4.0 (x86_64-linux-gnu)]
  ignore line: [	compiled by GNU C version 11.4.0  GMP version 6.2.1  MPFR version 4.1.0  MPC version 1.2.1  isl version isl-0.24-GMP]
  ignore line: []
  ignore line: [GGC heuristics: --param ggc-min-expand=100 --param ggc-min-heapsize=131072]
  ignore line: [ignoring duplicate directory "/usr/include/x86_64-linux-gnu/c++/11"]
  ignore line: [ignoring nonexistent directory "/usr/local/include/x86_64-linux-gnu"]
  ignore line: [ignoring nonexistent directory "/usr/lib/gcc/x86_64-linux-gnu/11/include-fixed"]
  ignore line: [ignoring nonexistent directory "/usr/lib/gcc/x86_64-linux-gnu/11/../../../../x86_64-linux-gnu/include"]
  ignore line: [#include "..." search starts here:]
  ignore line: [#include <...> search starts here:]
  ignore line: [ /usr/include/c++/11]
  ignore line: [ /usr/include/x86_64-linux-gnu/c++/11]
  ignore line: [ /usr/include/c++/11/backward]
  ignore line: [ /usr/lib/gcc/x86_64-linux-gnu/11/include]
  ignore line: [ /usr/local/include]
  ignore line: [ /usr/include/x86_64-linux-gnu]
  ignore line: [ /usr/include]
  ignore line: [End of search list.]
  ignore line: [GNU C++17 (Ubuntu 11.4.0-1ubuntu1~22.04) version 11.4.0 (x86_64-linux-gnu)]
  ignore line: [	compiled by GNU C version 11.4.0  GMP version 6.2.1  MPFR version 4.1.0  MPC version 1.2.1  isl version isl-0.24-GMP]
  ignore line: []
  ignore line: [GGC heuristics: --param ggc-min-expand=100 --param ggc-min-heapsize=131072]
  ignore line: [Compiler executable checksum: d591828bb4d392ae8b7b160e5bb0b95f]
  ignore line: [COLLECT_GCC_OPTIONS='-v' '-o' 'CMakeFiles/cmTC_a31fa.dir/CMakeCXXCompilerABI.cpp.o' '-c' '-shared-libgcc' '-mtune=generic' '-march=x86-64' '-dumpdir' 'CMakeFiles/cmTC_a31fa.dir/']
  ignore line: [ as -v --64 -o CMakeFiles/cmTC_a31fa.dir/CMakeCXXCompilerABI.cpp.o /tmp/cczHA4xT.s]
  ignore line: [GNU assembler version 2.38 (x86_64-linux-gnu) using BFD version (GNU Binutils for Ubuntu) 2.38]
  ignore line: [COMPILER_PATH=/usr/lib/gcc/x86_64-linux-gnu/11/:/usr/lib/gcc/x86_64-linux-gnu/11/:/usr/lib/gcc/x86_64-linux-gnu/:/usr/lib/gcc/x86_64-linux-gnu/11/:/usr/lib/gcc/x86_64-linux-gnu/]
  ignore line: [LIBRARY_PATH=/usr/lib/gcc/x86_64-linux-gnu/11/:/usr/lib/gcc/x86_64-linux-gnu/11/../../../x86_64-linux-gnu/:/usr/lib/gcc/x86_64-linux-gnu/11/../../../../lib/:/lib/x86_64-linux-gnu/:/lib/../lib/:/usr/lib/x86_64-linux-gnu/:/usr/lib/../lib/:/usr/lib/gcc/x86_64-linux-gnu/11/../../../:/lib/:/usr/lib/]
  ignore line: [COLLECT_GCC_OPTIONS='-v' '-o' 'CMakeFiles/cmTC_a31fa.dir/CMakeCXXCompilerABI.cpp.o' '-c' '-shared-libgcc' '-mtune=generic' '-march=x86-64' '-dumpdir' 'CMakeFiles/cmTC_a31fa.dir/CMakeCXXCompilerABI.cpp.']
  ignore line: [Linking CXX executable cmTC_a31fa]
  ignore line: [/usr/bin/cmake -E cmake_link_script CMakeFiles/cmTC_a31fa.dir/link.txt --verbose=1]
  ignore line: [/usr/bin/c++  -v CMakeFiles/cmTC_a31fa.dir/CMakeCXXCompilerABI.cpp.o -o cmTC_a31fa ]
  ignore line: [Using built-in specs.]
  ignore line: [COLLECT_GCC=/usr/bin/c++]
  ignore line: [COLLECT_LTO_WRAPPER=/usr/lib/gcc/x86_64-linux-gnu/11/lto-wrapper]
  ignore line: [OFFLOAD_TARGET_NAMES=nvptx-none:amdgcn-amdhsa]
  ignore line: [OFFLOAD_TARGET_DEFAULT=1]
  ignore line: [Target: x86_64-linux-gnu]
  ignore line: [Configured with: ../src/configure -v --with-pkgversion='Ubuntu 11.4.0-1ubuntu1~22.04' --with-bugurl=file:///usr/share/doc/gcc-11/README.Bugs --enable-languages=c ada c++ go brig d fortran objc obj-c++ m2 --prefix=/usr --with-gcc-major-version-only --program-suffix=-11 --program-prefix=x86_64-linux-gnu- --enable-shared --enable-linker-build-id --libexecdir=/usr/lib --without-included-gettext --enable-threads=posix --libdir=/usr/lib --enable-nls --enable-bootstrap --enable-clocale=gnu --enable-libstdcxx-debug --enable-libstdcxx-time=yes --with-default-libstdcxx-abi=new --enable-gnu-unique-object --disable-vtable-verify --enable-plugin --enable-default-pie --with-system-zlib --enable-libphobos-checking=release --with-target-system-zlib=auto --enable-objc-gc=auto --enable-multiarch --disable-werror --enable-cet --with-arch-32=i686 --with-abi=m64 --with-multilib-list=m32 m64 mx32 --enable-multilib --with-tune=generic --enable-offload-targets=nvptx-none=/build/gcc-11-XeT9lY/gcc-11-11.4.0/debian/tmp-nvptx/usr amdgcn-amdhsa=/build/gcc-11-XeT9lY/gcc-11-11.4.0/debian/tmp-gcn/usr --without-cuda-driver --enable-checking=release --build=x86_64-linux-gnu --host=x86_64-linux-gnu --target=x86_64-linux-gnu --with-build-config=bootstrap-lto-lean --enable-link-serialization=2]
  ignore line: [Thread model: posix]
  ignore line: [Supported LTO compression algorithms: zlib zstd]
  ignore line: [gcc version 11.4.0 (Ubuntu 11.4.0-1ubuntu1~22.04) ]
  ignore line: [COMPILER_PATH=/usr/lib/gcc/x86_64-linux-gnu/11/:/usr/lib/gcc/x86_64-linux-gnu/11/:/usr/lib/gcc/x86_64-linux-gnu/:/usr/lib/gcc/x86_64-linux-gnu/11/:/usr/lib/gcc/x86_64-linux-gnu/]
  ignore line: [LIBRARY_PATH=/usr/lib/gcc/x86_64-linux-gnu/11/:/usr/lib/gcc/x86_64-linux-gnu/11/../../../x86_64-linux-gnu/:/usr/lib/gcc/x86_64-linux-gnu/11/../../../../lib/:/lib/x86_64-linux-gnu/:/lib/../lib/:/usr/lib/x86_64-linux-gnu/:/usr/lib/../lib/:/usr/lib/gcc/x86_64-linux-gnu/11/../../../:/lib/:/usr/lib/]
  ignore line: [COLLECT_GCC_OPTIONS='-v' '-o' 'cmTC_a31fa' '-shared-libgcc' '-mtune=generic' '-march=x86-64' '-dumpdir' 'cmTC_a31fa.']
  link line: [ /usr/lib/gcc/x86_64-linux-gnu/11/collect2 -plugin /usr/lib/gcc/x86_64-linux-gnu/11/liblto_plugin.so -plugin-opt=/usr/lib/gcc/x86_64-linux-gnu/11/lto-wrapper -plugin-opt=-fresolution=/tmp/ccVF7doT.res -plugin-opt=-pass-through=-lgcc_s -plugin-opt=-pass-through=-lgcc -plugin-opt=-pass-through=-lc -plugin-opt=-pass-through=-lgcc_s -plugin-opt=-pass-through=-lgcc --build-id --eh-frame-hdr -m elf_x86_64 --hash-style=gnu --as-needed -dynamic-linker /lib64/ld-linux-x86-64.so.2 -pie -z now -z relro -o cmTC_a31fa /usr/lib/gcc/x86_64-linux-gnu/11/../../../x86_64-linux-gnu/Scrt1.o /usr/lib/gcc/x86_64-linux-gnu/11/../../../x86_64-linux-gnu/crti.o /usr/lib/gcc/x86_64-linux-gnu/11/crtbeginS.o -L/usr/lib/gcc/x86_64-linux-gnu/11 -L/usr/lib/gcc/x86_64-linux-gnu/11/../../../x86_64-linux-gnu -L/usr/lib/gcc/x86_64-linux-gnu/11/../../../../lib -L/lib/x86_64-linux-gnu -L/lib/../lib -L/usr/lib/x86_64-linux-gnu -L/usr/lib/../lib -L/usr/lib/gcc/x86_64-linux-gnu/11/../../.. CMakeFiles/cmTC_a31fa.dir/CMakeCXXCompilerABI.cpp.o -lstdc++ -lm -lgcc_s -lgcc -lc -lgcc_s -lgcc /usr/lib/gcc/x86_64-linux-gnu/11/crtendS.o /usr/lib/gcc/x86_64-linux-gnu/11/../../../x86_64-linux-gnu/crtn.o]
    arg [/usr/lib/gcc/x86_64-linux-gnu/11/collect2] ==> ignore
    arg [-plugin] ==> ignore
    arg [/usr/lib/gcc/x86_64-linux-gnu/11/liblto_plugin.so] ==> ignore
    arg [-plugin-opt=/usr/lib/gcc/x86_64-linux-gnu/11/lto-wrapper] ==> ignore
    arg [-plugin-opt=-fresolution=/tmp/ccVF7doT.res] ==> ignore
    arg [-plugin-opt=-pass-through=-lgcc_s] ==> ignore
    arg [-plugin-opt=-pass-through=-lgcc] ==> ignore
    arg [-plugin-opt=-pass-through=-lc] ==> ignore
    arg [-plugin-opt=-pass-through=-lgcc_s] ==> ignore
    arg [-plugin-opt=-pass-through=-lgcc] ==> ignore
    arg [--build-id] ==> ignore
    arg [--eh-frame-hdr] ==> ignore
    arg [-m] ==> ignore
    arg [elf_x86_64] ==> ignore
    arg [--hash-style=gnu] ==> ignore
    arg [--as-needed] ==> ignore
    arg [-dynamic-linker] ==> ignore
    arg [/lib64/ld-linux-x86-64.so.2] ==> ignore
    arg [-pie] ==> ignore
    arg [-znow] ==> ignore
    arg [-zrelro] ==> ignore
    arg [-o] ==> ignore
    arg [cmTC_a31fa] ==> ignore
    arg [/usr/lib/gcc/x86_64-linux-gnu/11/../../../x86_64-linux-gnu/Scrt1.o] ==> obj [/usr/lib/gcc/x86_64-linux-gnu/11/../../../x86_64-linux-gnu/Scrt1.o]
    arg [/usr/lib/gcc/x86_64-linux-gnu/11/../../../x86_64-linux-gnu/crti.o] ==> obj [/usr/lib/gcc/x86_64-linux-gnu/11/../../../x86_64-linux-gnu/crti.o]
    arg [/usr/lib/gcc/x86_64-linux-gnu/11/crtbeginS.o] ==> obj [/usr/lib/gcc/x86_64-linux-gnu/11/crtbeginS.o]
    arg [-L/usr/lib/gcc/x86_64-linux-gnu/11] ==> dir [/usr/lib/gcc/x86_64-linux-gnu/11]
    arg [-L/usr/lib/gcc/x86_64-linux-gnu/11/../../../x86_64-linux-gnu] ==> dir [/usr/lib/gcc/x86_64-linux-gnu/11/../../../x86_64-linux-gnu]
    arg [-L/usr/lib/gcc/x86_64-linux-gnu/11/../../../../lib] ==> dir [/usr/lib/gcc/x86_64-linux-gnu/11/../../../../lib]
    arg [-L/lib/x86_64-linux-gnu] ==> dir [/lib/x86_64-linux-gnu]
    arg [-L/lib/../lib] ==> dir [/lib/../lib]
    arg [-L/usr/lib/x86_64-linux-gnu] ==> dir [/usr/lib/x86_64-linux-gnu]
    arg [-L/usr/lib/../lib] ==> dir [/usr/lib/../lib]
    arg [-L/usr/lib/gcc/x86_64-linux-gnu/11/../../..] ==> dir [/usr/lib/gcc/x86_64-linux-gnu/11/../../..]
    arg [CMakeFiles/cmTC_a31fa.dir/CMakeCXXCompilerABI.cpp.o] ==> ignore
    arg [-lstdc++] ==> lib [stdc++]
    arg [-lm] ==> lib [m]
    arg [-lgcc_s] ==> lib [gcc_s]
    arg [-lgcc] ==> lib [gcc]
    arg [-lc] ==> lib [c]
    arg [-lgcc_s] ==> lib [gcc_s]
    arg [-lgcc] ==> lib [gcc]
    arg [/usr/lib/gcc/x86_64-linux-gnu/11/crtendS.o] ==> obj [/usr/lib/gcc/x86_64-linux-gnu/11/crtendS.o]
    arg [/usr/lib/gcc/x86_64-linux-gnu/11/../../../x86_64-linux-gnu/crtn.o] ==> obj [/usr/lib/gcc/x86_64-linux-gnu/11/../../../x86_64-linux-gnu/crtn.o]
  collapse obj [/usr/lib/gcc/x86_64-linux-gnu/11/../../../x86_64-linux-gnu/Scrt1.o] ==> [/usr/lib/x86_64-linux-gnu/Scrt1.o]
  collapse obj [/usr/lib/gcc/x86_64-linux-gnu/11/../../../x86_64-linux-gnu/crti.o] ==> [/usr/lib/x86_64-linux-gnu/crti.o]
  collapse obj [/usr/lib/gcc/x86_64-linux-gnu/11/../../../x86_64-linux-gnu/crtn.o] ==> [/usr/lib/x86_64-linux-gnu/crtn.o]
  collapse library dir [/usr/lib/gcc/x86_64-linux-gnu/11] ==> [/usr/lib/gcc/x86_64-linux-gnu/11]
  collapse library dir [/usr/lib/gcc/x86_64-linux-gnu/11/../../../x86_64-linux-gnu] ==> [/usr/lib/x86_64-linux-gnu]
  collapse library dir [/usr/lib/gcc/x86_64-linux-gnu/11/../../../../lib] ==> [/usr/lib]
  collapse library dir [/lib/x86_64-linux-gnu] ==> [/lib/x86_64-linux-gnu]
  collapse library dir [/lib/../lib] ==> [/lib]
  collapse library dir [/usr/lib/x86_64-linux-gnu] ==> [/usr/lib/x86_64-linux-gnu]
  collapse library dir [/usr/lib/../lib] ==> [/usr/lib]
  collapse library dir [/usr/lib/gcc/x86_64-linux-gnu/11/../../..] ==> [/usr/lib]
  implicit libs: [stdc++;m;gcc_s;gcc;c;gcc_s;gcc]
  implicit objs: [/usr/lib/x86_64-linux-gnu/Scrt1.o;/usr/lib/x86_64-linux-gnu/crti.o;/usr/lib/gcc/x86_64-linux-gnu/11/crtbeginS.o;/usr/lib/gcc/x86_64-linux-gnu/11/crtendS.o;/usr/lib/x86_64-linux-gnu/crtn.o]
  implicit dirs: [/usr/lib/gcc/x86_64-linux-gnu/11;/usr/lib/x86_64-linux-gnu;/usr/lib;/lib/x86_64-linux-gnu;/lib]
  implicit fwks: []


Determining if the include file sys/types.h exists passed with the following output:
Change Dir: /home/thomas/Bureau/ProjetImage/ProjetImage_IMAGINE_BES_CARO_NOYE/Code/fltk/build/CMakeFiles/CMakeTmp

Run Build Command(s):/usr/bin/gmake -f Makefile cmTC_4802b/fast && /usr/bin/gmake  -f CMakeFiles/cmTC_4802b.dir/build.make CMakeFiles/cmTC_4802b.dir/build
gmake[1] : on entre dans le répertoire « /home/thomas/Bureau/ProjetImage/ProjetImage_IMAGINE_BES_CARO_NOYE/Code/fltk/build/CMakeFiles/CMakeTmp »
Building C object CMakeFiles/cmTC_4802b.dir/CheckIncludeFile.c.o
/usr/bin/cc    -o CMakeFiles/cmTC_4802b.dir/CheckIncludeFile.c.o -c /home/thomas/Bureau/ProjetImage/ProjetImage_IMAGINE_BES_CARO_NOYE/Code/fltk/build/CMakeFiles/CMakeTmp/CheckIncludeFile.c
Linking C executable cmTC_4802b
/usr/bin/cmake -E cmake_link_script CMakeFiles/cmTC_4802b.dir/link.txt --verbose=1
/usr/bin/cc CMakeFiles/cmTC_4802b.dir/CheckIncludeFile.c.o -o cmTC_4802b 
gmake[1] : on quitte le répertoire « /home/thomas/Bureau/ProjetImage/ProjetImage_IMAGINE_BES_CARO_NOYE/Code/fltk/build/CMakeFiles/CMakeTmp »



Determining if the include file stdint.h exists passed with the following output:
Change Dir: /home/thomas/Bureau/ProjetImage/ProjetImage_IMAGINE_BES_CARO_NOYE/Code/fltk/build/CMakeFiles/CMakeTmp

Run Build Command(s):/usr/bin/gmake -f Makefile cmTC_a7959/fast && /usr/bin/gmake  -f CMakeFiles/cmTC_a7959.dir/build.make CMakeFiles/cmTC_a7959.dir/build
gmake[1] : on entre dans le répertoire « /home/thomas/Bureau/ProjetImage/ProjetImage_IMAGINE_BES_CARO_NOYE/Code/fltk/build/CMakeFiles/CMakeTmp »
Building C object CMakeFiles/cmTC_a7959.dir/CheckIncludeFile.c.o
/usr/bin/cc    -o CMakeFiles/cmTC_a7959.dir/CheckIncludeFile.c.o -c /home/thomas/Bureau/ProjetImage/ProjetImage_IMAGINE_BES_CARO_NOYE/Code/fltk/build/CMakeFiles/CMakeTmp/CheckIncludeFile.c
Linking C executable cmTC_a7959
/usr/bin/cmake -E cmake_link_script CMakeFiles/cmTC_a7959.dir/link.txt --verbose=1
/usr/bin/cc CMakeFiles/cmTC_a7959.dir/CheckIncludeFile.c.o -o cmTC_a7959 
gmake[1] : on quitte le répertoire « /home/thomas/Bureau/ProjetImage/ProjetImage_IMAGINE_BES_CARO_NOYE/Code/fltk/build/CMakeFiles/CMakeTmp »



Determining if the include file stddef.h exists passed with the following output:
Change Dir: /home/thomas/Bureau/ProjetImage/ProjetImage_IMAGINE_BES_CARO_NOYE/Code/fltk/build/CMakeFiles/CMakeTmp

Run Build Command(s):/usr/bin/gmake -f Makefile cmTC_6b977/fast && /usr/bin/gmake  -f CMakeFiles/cmTC_6b977.dir/build.make CMakeFiles/cmTC_6b977.dir/build
gmake[1] : on entre dans le répertoire « /home/thomas/Bureau/ProjetImage/ProjetImage_IMAGINE_BES_CARO_NOYE/Code/fltk/build/CMakeFiles/CMakeTmp »
Building C object CMakeFiles/cmTC_6b977.dir/CheckIncludeFile.c.o
/usr/bin/cc    -o CMakeFiles/cmTC_6b977.dir/CheckIncludeFile.c.o -c /home/thomas/Bureau/ProjetImage/ProjetImage_IMAGINE_BES_CARO_NOYE/Code/fltk/build/CMakeFiles/CMakeTmp/CheckIncludeFile.c
Linking C executable cmTC_6b977
/usr/bin/cmake -E cmake_link_script CMakeFiles/cmTC_6b977.dir/link.txt --verbose=1
/usr/bin/cc CMakeFiles/cmTC_6b977.dir/CheckIncludeFile.c.o -o cmTC_6b977 
gmake[1] : on quitte le répertoire « /home/thomas/Bureau/ProjetImage/ProjetImage_IMAGINE_BES_CARO_NOYE/Code/fltk/build/CMakeFiles/CMakeTmp »



Determining size of short passed with the following output:
Change Dir: /home/thomas/Bureau/ProjetImage/ProjetImage_IMAGINE_BES_CARO_NOYE/Code/fltk/build/CMakeFiles/CMakeTmp

Run Build Command(s):/usr/bin/gmake -f Makefile cmTC_795c9/fast && /usr/bin/gmake  -f CMakeFiles/cmTC_795c9.dir/build.make CMakeFiles/cmTC_795c9.dir/build
gmake[1] : on entre dans le répertoire « /home/thomas/Bureau/ProjetImage/ProjetImage_IMAGINE_BES_CARO_NOYE/Code/fltk/build/CMakeFiles/CMakeTmp »
Building C object CMakeFiles/cmTC_795c9.dir/SIZEOF_SHORT.c.o
/usr/bin/cc    -o CMakeFiles/cmTC_795c9.dir/SIZEOF_SHORT.c.o -c /home/thomas/Bureau/ProjetImage/ProjetImage_IMAGINE_BES_CARO_NOYE/Code/fltk/build/CMakeFiles/CheckTypeSize/SIZEOF_SHORT.c
Linking C executable cmTC_795c9
/usr/bin/cmake -E cmake_link_script CMakeFiles/cmTC_795c9.dir/link.txt --verbose=1
/usr/bin/cc CMakeFiles/cmTC_795c9.dir/SIZEOF_SHORT.c.o -o cmTC_795c9 
gmake[1] : on quitte le répertoire « /home/thomas/Bureau/ProjetImage/ProjetImage_IMAGINE_BES_CARO_NOYE/Code/fltk/build/CMakeFiles/CMakeTmp »



Determining size of int passed with the following output:
Change Dir: /home/thomas/Bureau/ProjetImage/ProjetImage_IMAGINE_BES_CARO_NOYE/Code/fltk/build/CMakeFiles/CMakeTmp

Run Build Command(s):/usr/bin/gmake -f Makefile cmTC_d85d1/fast && /usr/bin/gmake  -f CMakeFiles/cmTC_d85d1.dir/build.make CMakeFiles/cmTC_d85d1.dir/build
gmake[1] : on entre dans le répertoire « /home/thomas/Bureau/ProjetImage/ProjetImage_IMAGINE_BES_CARO_NOYE/Code/fltk/build/CMakeFiles/CMakeTmp »
Building C object CMakeFiles/cmTC_d85d1.dir/SIZEOF_INT.c.o
/usr/bin/cc    -o CMakeFiles/cmTC_d85d1.dir/SIZEOF_INT.c.o -c /home/thomas/Bureau/ProjetImage/ProjetImage_IMAGINE_BES_CARO_NOYE/Code/fltk/build/CMakeFiles/CheckTypeSize/SIZEOF_INT.c
Linking C executable cmTC_d85d1
/usr/bin/cmake -E cmake_link_script CMakeFiles/cmTC_d85d1.dir/link.txt --verbose=1
/usr/bin/cc CMakeFiles/cmTC_d85d1.dir/SIZEOF_INT.c.o -o cmTC_d85d1 
gmake[1] : on quitte le répertoire « /home/thomas/Bureau/ProjetImage/ProjetImage_IMAGINE_BES_CARO_NOYE/Code/fltk/build/CMakeFiles/CMakeTmp »



Determining size of long passed with the following output:
Change Dir: /home/thomas/Bureau/ProjetImage/ProjetImage_IMAGINE_BES_CARO_NOYE/Code/fltk/build/CMakeFiles/CMakeTmp

Run Build Command(s):/usr/bin/gmake -f Makefile cmTC_ed631/fast && /usr/bin/gmake  -f CMakeFiles/cmTC_ed631.dir/build.make CMakeFiles/cmTC_ed631.dir/build
gmake[1] : on entre dans le répertoire « /home/thomas/Bureau/ProjetImage/ProjetImage_IMAGINE_BES_CARO_NOYE/Code/fltk/build/CMakeFiles/CMakeTmp »
Building C object CMakeFiles/cmTC_ed631.dir/SIZEOF_LONG.c.o
/usr/bin/cc    -o CMakeFiles/cmTC_ed631.dir/SIZEOF_LONG.c.o -c /home/thomas/Bureau/ProjetImage/ProjetImage_IMAGINE_BES_CARO_NOYE/Code/fltk/build/CMakeFiles/CheckTypeSize/SIZEOF_LONG.c
Linking C executable cmTC_ed631
/usr/bin/cmake -E cmake_link_script CMakeFiles/cmTC_ed631.dir/link.txt --verbose=1
/usr/bin/cc CMakeFiles/cmTC_ed631.dir/SIZEOF_LONG.c.o -o cmTC_ed631 
gmake[1] : on quitte le répertoire « /home/thomas/Bureau/ProjetImage/ProjetImage_IMAGINE_BES_CARO_NOYE/Code/fltk/build/CMakeFiles/CMakeTmp »



Determining size of long long passed with the following output:
Change Dir: /home/thomas/Bureau/ProjetImage/ProjetImage_IMAGINE_BES_CARO_NOYE/Code/fltk/build/CMakeFiles/CMakeTmp

Run Build Command(s):/usr/bin/gmake -f Makefile cmTC_6c853/fast && /usr/bin/gmake  -f CMakeFiles/cmTC_6c853.dir/build.make CMakeFiles/cmTC_6c853.dir/build
gmake[1] : on entre dans le répertoire « /home/thomas/Bureau/ProjetImage/ProjetImage_IMAGINE_BES_CARO_NOYE/Code/fltk/build/CMakeFiles/CMakeTmp »
Building C object CMakeFiles/cmTC_6c853.dir/HAVE_LONG_LONG.c.o
/usr/bin/cc    -o CMakeFiles/cmTC_6c853.dir/HAVE_LONG_LONG.c.o -c /home/thomas/Bureau/ProjetImage/ProjetImage_IMAGINE_BES_CARO_NOYE/Code/fltk/build/CMakeFiles/CheckTypeSize/HAVE_LONG_LONG.c
Linking C executable cmTC_6c853
/usr/bin/cmake -E cmake_link_script CMakeFiles/cmTC_6c853.dir/link.txt --verbose=1
/usr/bin/cc CMakeFiles/cmTC_6c853.dir/HAVE_LONG_LONG.c.o -o cmTC_6c853 
gmake[1] : on quitte le répertoire « /home/thomas/Bureau/ProjetImage/ProjetImage_IMAGINE_BES_CARO_NOYE/Code/fltk/build/CMakeFiles/CMakeTmp »



Determining if files dlfcn.h exist passed with the following output:
Change Dir: /home/thomas/Bureau/ProjetImage/ProjetImage_IMAGINE_BES_CARO_NOYE/Code/fltk/build/CMakeFiles/CMakeTmp

Run Build Command(s):/usr/bin/gmake -f Makefile cmTC_f81f7/fast && /usr/bin/gmake  -f CMakeFiles/cmTC_f81f7.dir/build.make CMakeFiles/cmTC_f81f7.dir/build
gmake[1] : on entre dans le répertoire « /home/thomas/Bureau/ProjetImage/ProjetImage_IMAGINE_BES_CARO_NOYE/Code/fltk/build/CMakeFiles/CMakeTmp »
Building C object CMakeFiles/cmTC_f81f7.dir/HAVE_DLFCN_H.c.o
/usr/bin/cc    -o CMakeFiles/cmTC_f81f7.dir/HAVE_DLFCN_H.c.o -c /home/thomas/Bureau/ProjetImage/ProjetImage_IMAGINE_BES_CARO_NOYE/Code/fltk/build/CMakeFiles/CheckIncludeFiles/HAVE_DLFCN_H.c
Linking C executable cmTC_f81f7
/usr/bin/cmake -E cmake_link_script CMakeFiles/cmTC_f81f7.dir/link.txt --verbose=1
/usr/bin/cc CMakeFiles/cmTC_f81f7.dir/HAVE_DLFCN_H.c.o -o cmTC_f81f7 
gmake[1] : on quitte le répertoire « /home/thomas/Bureau/ProjetImage/ProjetImage_IMAGINE_BES_CARO_NOYE/Code/fltk/build/CMakeFiles/CMakeTmp »



Determining if files GL/glu.h exist passed with the following output:
Change Dir: /home/thomas/Bureau/ProjetImage/ProjetImage_IMAGINE_BES_CARO_NOYE/Code/fltk/build/CMakeFiles/CMakeTmp

Run Build Command(s):/usr/bin/gmake -f Makefile cmTC_e6096/fast && /usr/bin/gmake  -f CMakeFiles/cmTC_e6096.dir/build.make CMakeFiles/cmTC_e6096.dir/build
gmake[1] : on entre dans le répertoire « /home/thomas/Bureau/ProjetImage/ProjetImage_IMAGINE_BES_CARO_NOYE/Code/fltk/build/CMakeFiles/CMakeTmp »
Building C object CMakeFiles/cmTC_e6096.dir/HAVE_GL_GLU_H.c.o
/usr/bin/cc    -o CMakeFiles/cmTC_e6096.dir/HAVE_GL_GLU_H.c.o -c /home/thomas/Bureau/ProjetImage/ProjetImage_IMAGINE_BES_CARO_NOYE/Code/fltk/build/CMakeFiles/CheckIncludeFiles/HAVE_GL_GLU_H.c
Linking C executable cmTC_e6096
/usr/bin/cmake -E cmake_link_script CMakeFiles/cmTC_e6096.dir/link.txt --verbose=1
/usr/bin/cc CMakeFiles/cmTC_e6096.dir/HAVE_GL_GLU_H.c.o -o cmTC_e6096 
gmake[1] : on quitte le répertoire « /home/thomas/Bureau/ProjetImage/ProjetImage_IMAGINE_BES_CARO_NOYE/Code/fltk/build/CMakeFiles/CMakeTmp »



Determining if files locale.h exist passed with the following output:
Change Dir: /home/thomas/Bureau/ProjetImage/ProjetImage_IMAGINE_BES_CARO_NOYE/Code/fltk/build/CMakeFiles/CMakeTmp

Run Build Command(s):/usr/bin/gmake -f Makefile cmTC_4f8ff/fast && /usr/bin/gmake  -f CMakeFiles/cmTC_4f8ff.dir/build.make CMakeFiles/cmTC_4f8ff.dir/build
gmake[1] : on entre dans le répertoire « /home/thomas/Bureau/ProjetImage/ProjetImage_IMAGINE_BES_CARO_NOYE/Code/fltk/build/CMakeFiles/CMakeTmp »
Building C object CMakeFiles/cmTC_4f8ff.dir/HAVE_LOCALE_H.c.o
/usr/bin/cc    -o CMakeFiles/cmTC_4f8ff.dir/HAVE_LOCALE_H.c.o -c /home/thomas/Bureau/ProjetImage/ProjetImage_IMAGINE_BES_CARO_NOYE/Code/fltk/build/CMakeFiles/CheckIncludeFiles/HAVE_LOCALE_H.c
Linking C executable cmTC_4f8ff
/usr/bin/cmake -E cmake_link_script CMakeFiles/cmTC_4f8ff.dir/link.txt --verbose=1
/usr/bin/cc CMakeFiles/cmTC_4f8ff.dir/HAVE_LOCALE_H.c.o -o cmTC_4f8ff 
gmake[1] : on quitte le répertoire « /home/thomas/Bureau/ProjetImage/ProjetImage_IMAGINE_BES_CARO_NOYE/Code/fltk/build/CMakeFiles/CMakeTmp »



Determining if files stdio.h exist passed with the following output:
Change Dir: /home/thomas/Bureau/ProjetImage/ProjetImage_IMAGINE_BES_CARO_NOYE/Code/fltk/build/CMakeFiles/CMakeTmp

Run Build Command(s):/usr/bin/gmake -f Makefile cmTC_c4391/fast && /usr/bin/gmake  -f CMakeFiles/cmTC_c4391.dir/build.make CMakeFiles/cmTC_c4391.dir/build
gmake[1] : on entre dans le répertoire « /home/thomas/Bureau/ProjetImage/ProjetImage_IMAGINE_BES_CARO_NOYE/Code/fltk/build/CMakeFiles/CMakeTmp »
Building C object CMakeFiles/cmTC_c4391.dir/HAVE_STDIO_H.c.o
/usr/bin/cc    -o CMakeFiles/cmTC_c4391.dir/HAVE_STDIO_H.c.o -c /home/thomas/Bureau/ProjetImage/ProjetImage_IMAGINE_BES_CARO_NOYE/Code/fltk/build/CMakeFiles/CheckIncludeFiles/HAVE_STDIO_H.c
Linking C executable cmTC_c4391
/usr/bin/cmake -E cmake_link_script CMakeFiles/cmTC_c4391.dir/link.txt --verbose=1
/usr/bin/cc CMakeFiles/cmTC_c4391.dir/HAVE_STDIO_H.c.o -o cmTC_c4391 
gmake[1] : on quitte le répertoire « /home/thomas/Bureau/ProjetImage/ProjetImage_IMAGINE_BES_CARO_NOYE/Code/fltk/build/CMakeFiles/CMakeTmp »



Determining if files strings.h exist passed with the following output:
Change Dir: /home/thomas/Bureau/ProjetImage/ProjetImage_IMAGINE_BES_CARO_NOYE/Code/fltk/build/CMakeFiles/CMakeTmp

Run Build Command(s):/usr/bin/gmake -f Makefile cmTC_482d2/fast && /usr/bin/gmake  -f CMakeFiles/cmTC_482d2.dir/build.make CMakeFiles/cmTC_482d2.dir/build
gmake[1] : on entre dans le répertoire « /home/thomas/Bureau/ProjetImage/ProjetImage_IMAGINE_BES_CARO_NOYE/Code/fltk/build/CMakeFiles/CMakeTmp »
Building C object CMakeFiles/cmTC_482d2.dir/HAVE_STRINGS_H.c.o
/usr/bin/cc    -o CMakeFiles/cmTC_482d2.dir/HAVE_STRINGS_H.c.o -c /home/thomas/Bureau/ProjetImage/ProjetImage_IMAGINE_BES_CARO_NOYE/Code/fltk/build/CMakeFiles/CheckIncludeFiles/HAVE_STRINGS_H.c
Linking C executable cmTC_482d2
/usr/bin/cmake -E cmake_link_script CMakeFiles/cmTC_482d2.dir/link.txt --verbose=1
/usr/bin/cc CMakeFiles/cmTC_482d2.dir/HAVE_STRINGS_H.c.o -o cmTC_482d2 
gmake[1] : on quitte le répertoire « /home/thomas/Bureau/ProjetImage/ProjetImage_IMAGINE_BES_CARO_NOYE/Code/fltk/build/CMakeFiles/CMakeTmp »



Determining if files sys/select.h exist passed with the following output:
Change Dir: /home/thomas/Bureau/ProjetImage/ProjetImage_IMAGINE_BES_CARO_NOYE/Code/fltk/build/CMakeFiles/CMakeTmp

Run Build Command(s):/usr/bin/gmake -f Makefile cmTC_aa8b1/fast && /usr/bin/gmake  -f CMakeFiles/cmTC_aa8b1.dir/build.make CMakeFiles/cmTC_aa8b1.dir/build
gmake[1] : on entre dans le répertoire « /home/thomas/Bureau/ProjetImage/ProjetImage_IMAGINE_BES_CARO_NOYE/Code/fltk/build/CMakeFiles/CMakeTmp »
Building C object CMakeFiles/cmTC_aa8b1.dir/HAVE_SYS_SELECT_H.c.o
/usr/bin/cc    -o CMakeFiles/cmTC_aa8b1.dir/HAVE_SYS_SELECT_H.c.o -c /home/thomas/Bureau/ProjetImage/ProjetImage_IMAGINE_BES_CARO_NOYE/Code/fltk/build/CMakeFiles/CheckIncludeFiles/HAVE_SYS_SELECT_H.c
Linking C executable cmTC_aa8b1
/usr/bin/cmake -E cmake_link_script CMakeFiles/cmTC_aa8b1.dir/link.txt --verbose=1
/usr/bin/cc CMakeFiles/cmTC_aa8b1.dir/HAVE_SYS_SELECT_H.c.o -o cmTC_aa8b1 
gmake[1] : on quitte le répertoire « /home/thomas/Bureau/ProjetImage/ProjetImage_IMAGINE_BES_CARO_NOYE/Code/fltk/build/CMakeFiles/CMakeTmp »



Determining if files X11/Xlib.h;X11/Xregion.h exist passed with the following output:
Change Dir: /home/thomas/Bureau/ProjetImage/ProjetImage_IMAGINE_BES_CARO_NOYE/Code/fltk/build/CMakeFiles/CMakeTmp

Run Build Command(s):/usr/bin/gmake -f Makefile cmTC_779a5/fast && /usr/bin/gmake  -f CMakeFiles/cmTC_779a5.dir/build.make CMakeFiles/cmTC_779a5.dir/build
gmake[1] : on entre dans le répertoire « /home/thomas/Bureau/ProjetImage/ProjetImage_IMAGINE_BES_CARO_NOYE/Code/fltk/build/CMakeFiles/CMakeTmp »
Building C object CMakeFiles/cmTC_779a5.dir/HAVE_X11_XREGION_H.c.o
/usr/bin/cc    -o CMakeFiles/cmTC_779a5.dir/HAVE_X11_XREGION_H.c.o -c /home/thomas/Bureau/ProjetImage/ProjetImage_IMAGINE_BES_CARO_NOYE/Code/fltk/build/CMakeFiles/CheckIncludeFiles/HAVE_X11_XREGION_H.c
Linking C executable cmTC_779a5
/usr/bin/cmake -E cmake_link_script CMakeFiles/cmTC_779a5.dir/link.txt --verbose=1
/usr/bin/cc CMakeFiles/cmTC_779a5.dir/HAVE_X11_XREGION_H.c.o -o cmTC_779a5 
gmake[1] : on quitte le répertoire « /home/thomas/Bureau/ProjetImage/ProjetImage_IMAGINE_BES_CARO_NOYE/Code/fltk/build/CMakeFiles/CMakeTmp »



Determining if files pthread.h exist passed with the following output:
Change Dir: /home/thomas/Bureau/ProjetImage/ProjetImage_IMAGINE_BES_CARO_NOYE/Code/fltk/build/CMakeFiles/CMakeTmp

Run Build Command(s):/usr/bin/gmake -f Makefile cmTC_5d0c5/fast && /usr/bin/gmake  -f CMakeFiles/cmTC_5d0c5.dir/build.make CMakeFiles/cmTC_5d0c5.dir/build
gmake[1] : on entre dans le répertoire « /home/thomas/Bureau/ProjetImage/ProjetImage_IMAGINE_BES_CARO_NOYE/Code/fltk/build/CMakeFiles/CMakeTmp »
Building C object CMakeFiles/cmTC_5d0c5.dir/HAVE_PTHREAD_H.c.o
/usr/bin/cc    -o CMakeFiles/cmTC_5d0c5.dir/HAVE_PTHREAD_H.c.o -c /home/thomas/Bureau/ProjetImage/ProjetImage_IMAGINE_BES_CARO_NOYE/Code/fltk/build/CMakeFiles/CheckIncludeFiles/HAVE_PTHREAD_H.c
Linking C executable cmTC_5d0c5
/usr/bin/cmake -E cmake_link_script CMakeFiles/cmTC_5d0c5.dir/link.txt --verbose=1
/usr/bin/cc CMakeFiles/cmTC_5d0c5.dir/HAVE_PTHREAD_H.c.o -o cmTC_5d0c5 
gmake[1] : on quitte le répertoire « /home/thomas/Bureau/ProjetImage/ProjetImage_IMAGINE_BES_CARO_NOYE/Code/fltk/build/CMakeFiles/CMakeTmp »



Determining if files dirent.h exist passed with the following output:
Change Dir: /home/thomas/Bureau/ProjetImage/ProjetImage_IMAGINE_BES_CARO_NOYE/Code/fltk/build/CMakeFiles/CMakeTmp

Run Build Command(s):/usr/bin/gmake -f Makefile cmTC_b0fb9/fast && /usr/bin/gmake  -f CMakeFiles/cmTC_b0fb9.dir/build.make CMakeFiles/cmTC_b0fb9.dir/build
gmake[1] : on entre dans le répertoire « /home/thomas/Bureau/ProjetImage/ProjetImage_IMAGINE_BES_CARO_NOYE/Code/fltk/build/CMakeFiles/CMakeTmp »
Building C object CMakeFiles/cmTC_b0fb9.dir/HAVE_DIRENT_H.c.o
/usr/bin/cc    -o CMakeFiles/cmTC_b0fb9.dir/HAVE_DIRENT_H.c.o -c /home/thomas/Bureau/ProjetImage/ProjetImage_IMAGINE_BES_CARO_NOYE/Code/fltk/build/CMakeFiles/CheckIncludeFiles/HAVE_DIRENT_H.c
Linking C executable cmTC_b0fb9
/usr/bin/cmake -E cmake_link_script CMakeFiles/cmTC_b0fb9.dir/link.txt --verbose=1
/usr/bin/cc CMakeFiles/cmTC_b0fb9.dir/HAVE_DIRENT_H.c.o -o cmTC_b0fb9 
gmake[1] : on quitte le répertoire « /home/thomas/Bureau/ProjetImage/ProjetImage_IMAGINE_BES_CARO_NOYE/Code/fltk/build/CMakeFiles/CMakeTmp »



Determining if the function dlsym exists passed with the following output:
Change Dir: /home/thomas/Bureau/ProjetImage/ProjetImage_IMAGINE_BES_CARO_NOYE/Code/fltk/build/CMakeFiles/CMakeTmp

Run Build Command(s):/usr/bin/gmake -f Makefile cmTC_55158/fast && /usr/bin/gmake  -f CMakeFiles/cmTC_55158.dir/build.make CMakeFiles/cmTC_55158.dir/build
gmake[1] : on entre dans le répertoire « /home/thomas/Bureau/ProjetImage/ProjetImage_IMAGINE_BES_CARO_NOYE/Code/fltk/build/CMakeFiles/CMakeTmp »
Building C object CMakeFiles/cmTC_55158.dir/CheckFunctionExists.c.o
/usr/bin/cc   -DCHECK_FUNCTION_EXISTS=dlsym -o CMakeFiles/cmTC_55158.dir/CheckFunctionExists.c.o -c /usr/share/cmake-3.22/Modules/CheckFunctionExists.c
Linking C executable cmTC_55158
/usr/bin/cmake -E cmake_link_script CMakeFiles/cmTC_55158.dir/link.txt --verbose=1
/usr/bin/cc  -DCHECK_FUNCTION_EXISTS=dlsym CMakeFiles/cmTC_55158.dir/CheckFunctionExists.c.o -o cmTC_55158  -ldl 
gmake[1] : on quitte le répertoire « /home/thomas/Bureau/ProjetImage/ProjetImage_IMAGINE_BES_CARO_NOYE/Code/fltk/build/CMakeFiles/CMakeTmp »



Determining if the function localeconv exists passed with the following output:
Change Dir: /home/thomas/Bureau/ProjetImage/ProjetImage_IMAGINE_BES_CARO_NOYE/Code/fltk/build/CMakeFiles/CMakeTmp

Run Build Command(s):/usr/bin/gmake -f Makefile cmTC_6eb65/fast && /usr/bin/gmake  -f CMakeFiles/cmTC_6eb65.dir/build.make CMakeFiles/cmTC_6eb65.dir/build
gmake[1] : on entre dans le répertoire « /home/thomas/Bureau/ProjetImage/ProjetImage_IMAGINE_BES_CARO_NOYE/Code/fltk/build/CMakeFiles/CMakeTmp »
Building C object CMakeFiles/cmTC_6eb65.dir/CheckFunctionExists.c.o
/usr/bin/cc   -DCHECK_FUNCTION_EXISTS=localeconv -o CMakeFiles/cmTC_6eb65.dir/CheckFunctionExists.c.o -c /usr/share/cmake-3.22/Modules/CheckFunctionExists.c
Linking C executable cmTC_6eb65
/usr/bin/cmake -E cmake_link_script CMakeFiles/cmTC_6eb65.dir/link.txt --verbose=1
/usr/bin/cc  -DCHECK_FUNCTION_EXISTS=localeconv CMakeFiles/cmTC_6eb65.dir/CheckFunctionExists.c.o -o cmTC_6eb65 
gmake[1] : on quitte le répertoire « /home/thomas/Bureau/ProjetImage/ProjetImage_IMAGINE_BES_CARO_NOYE/Code/fltk/build/CMakeFiles/CMakeTmp »



Determining if the function png_get_valid exists passed with the following output:
Change Dir: /home/thomas/Bureau/ProjetImage/ProjetImage_IMAGINE_BES_CARO_NOYE/Code/fltk/build/CMakeFiles/CMakeTmp

Run Build Command(s):/usr/bin/gmake -f Makefile cmTC_99f61/fast && /usr/bin/gmake  -f CMakeFiles/cmTC_99f61.dir/build.make CMakeFiles/cmTC_99f61.dir/build
gmake[1] : on entre dans le répertoire « /home/thomas/Bureau/ProjetImage/ProjetImage_IMAGINE_BES_CARO_NOYE/Code/fltk/build/CMakeFiles/CMakeTmp »
Building C object CMakeFiles/cmTC_99f61.dir/CheckFunctionExists.c.o
/usr/bin/cc   -DCHECK_FUNCTION_EXISTS=png_get_valid -o CMakeFiles/cmTC_99f61.dir/CheckFunctionExists.c.o -c /usr/share/cmake-3.22/Modules/CheckFunctionExists.c
Linking C executable cmTC_99f61
/usr/bin/cmake -E cmake_link_script CMakeFiles/cmTC_99f61.dir/link.txt --verbose=1
/usr/bin/cc  -DCHECK_FUNCTION_EXISTS=png_get_valid CMakeFiles/cmTC_99f61.dir/CheckFunctionExists.c.o -o cmTC_99f61  /usr/lib/x86_64-linux-gnu/libpng.so 
gmake[1] : on quitte le répertoire « /home/thomas/Bureau/ProjetImage/ProjetImage_IMAGINE_BES_CARO_NOYE/Code/fltk/build/CMakeFiles/CMakeTmp »



Determining if the function png_set_tRNS_to_alpha exists passed with the following output:
Change Dir: /home/thomas/Bureau/ProjetImage/ProjetImage_IMAGINE_BES_CARO_NOYE/Code/fltk/build/CMakeFiles/CMakeTmp

Run Build Command(s):/usr/bin/gmake -f Makefile cmTC_cc74f/fast && /usr/bin/gmake  -f CMakeFiles/cmTC_cc74f.dir/build.make CMakeFiles/cmTC_cc74f.dir/build
gmake[1] : on entre dans le répertoire « /home/thomas/Bureau/ProjetImage/ProjetImage_IMAGINE_BES_CARO_NOYE/Code/fltk/build/CMakeFiles/CMakeTmp »
Building C object CMakeFiles/cmTC_cc74f.dir/CheckFunctionExists.c.o
/usr/bin/cc   -DCHECK_FUNCTION_EXISTS=png_set_tRNS_to_alpha -o CMakeFiles/cmTC_cc74f.dir/CheckFunctionExists.c.o -c /usr/share/cmake-3.22/Modules/CheckFunctionExists.c
Linking C executable cmTC_cc74f
/usr/bin/cmake -E cmake_link_script CMakeFiles/cmTC_cc74f.dir/link.txt --verbose=1
/usr/bin/cc  -DCHECK_FUNCTION_EXISTS=png_set_tRNS_to_alpha CMakeFiles/cmTC_cc74f.dir/CheckFunctionExists.c.o -o cmTC_cc74f  /usr/lib/x86_64-linux-gnu/libpng.so 
gmake[1] : on quitte le répertoire « /home/thomas/Bureau/ProjetImage/ProjetImage_IMAGINE_BES_CARO_NOYE/Code/fltk/build/CMakeFiles/CMakeTmp »



Determining if the function scandir exists passed with the following output:
Change Dir: /home/thomas/Bureau/ProjetImage/ProjetImage_IMAGINE_BES_CARO_NOYE/Code/fltk/build/CMakeFiles/CMakeTmp

Run Build Command(s):/usr/bin/gmake -f Makefile cmTC_d1016/fast && /usr/bin/gmake  -f CMakeFiles/cmTC_d1016.dir/build.make CMakeFiles/cmTC_d1016.dir/build
gmake[1] : on entre dans le répertoire « /home/thomas/Bureau/ProjetImage/ProjetImage_IMAGINE_BES_CARO_NOYE/Code/fltk/build/CMakeFiles/CMakeTmp »
Building C object CMakeFiles/cmTC_d1016.dir/CheckFunctionExists.c.o
/usr/bin/cc   -DCHECK_FUNCTION_EXISTS=scandir -o CMakeFiles/cmTC_d1016.dir/CheckFunctionExists.c.o -c /usr/share/cmake-3.22/Modules/CheckFunctionExists.c
Linking C executable cmTC_d1016
/usr/bin/cmake -E cmake_link_script CMakeFiles/cmTC_d1016.dir/link.txt --verbose=1
/usr/bin/cc  -DCHECK_FUNCTION_EXISTS=scandir CMakeFiles/cmTC_d1016.dir/CheckFunctionExists.c.o -o cmTC_d1016 
gmake[1] : on quitte le répertoire « /home/thomas/Bureau/ProjetImage/ProjetImage_IMAGINE_BES_CARO_NOYE/Code/fltk/build/CMakeFiles/CMakeTmp »



Determining if the function snprintf exists passed with the following output:
Change Dir: /home/thomas/Bureau/ProjetImage/ProjetImage_IMAGINE_BES_CARO_NOYE/Code/fltk/build/CMakeFiles/CMakeTmp

Run Build Command(s):/usr/bin/gmake -f Makefile cmTC_96f09/fast && /usr/bin/gmake  -f CMakeFiles/cmTC_96f09.dir/build.make CMakeFiles/cmTC_96f09.dir/build
gmake[1] : on entre dans le répertoire « /home/thomas/Bureau/ProjetImage/ProjetImage_IMAGINE_BES_CARO_NOYE/Code/fltk/build/CMakeFiles/CMakeTmp »
Building C object CMakeFiles/cmTC_96f09.dir/CheckFunctionExists.c.o
/usr/bin/cc   -DCHECK_FUNCTION_EXISTS=snprintf -o CMakeFiles/cmTC_96f09.dir/CheckFunctionExists.c.o -c /usr/share/cmake-3.22/Modules/CheckFunctionExists.c
<command-line>: warning: conflicting types for built-in function ‘snprintf’; expected ‘int(char *, long unsigned int,  const char *, ...)’ [-Wbuiltin-declaration-mismatch]
/usr/share/cmake-3.22/Modules/CheckFunctionExists.c:7:3: note: in expansion of macro ‘CHECK_FUNCTION_EXISTS’
    7 |   CHECK_FUNCTION_EXISTS(void);
      |   ^~~~~~~~~~~~~~~~~~~~~
/usr/share/cmake-3.22/Modules/CheckFunctionExists.c:1:1: note: ‘snprintf’ is declared in header ‘<stdio.h>’
  +++ |+#include <stdio.h>
    1 | #ifdef CHECK_FUNCTION_EXISTS
Linking C executable cmTC_96f09
/usr/bin/cmake -E cmake_link_script CMakeFiles/cmTC_96f09.dir/link.txt --verbose=1
/usr/bin/cc  -DCHECK_FUNCTION_EXISTS=snprintf CMakeFiles/cmTC_96f09.dir/CheckFunctionExists.c.o -o cmTC_96f09 
gmake[1] : on quitte le répertoire « /home/thomas/Bureau/ProjetImage/ProjetImage_IMAGINE_BES_CARO_NOYE/Code/fltk/build/CMakeFiles/CMakeTmp »



Determining if the function strcasecmp exists passed with the following output:
Change Dir: /home/thomas/Bureau/ProjetImage/ProjetImage_IMAGINE_BES_CARO_NOYE/Code/fltk/build/CMakeFiles/CMakeTmp

Run Build Command(s):/usr/bin/gmake -f Makefile cmTC_4f0b8/fast && /usr/bin/gmake  -f CMakeFiles/cmTC_4f0b8.dir/build.make CMakeFiles/cmTC_4f0b8.dir/build
gmake[1] : on entre dans le répertoire « /home/thomas/Bureau/ProjetImage/ProjetImage_IMAGINE_BES_CARO_NOYE/Code/fltk/build/CMakeFiles/CMakeTmp »
Building C object CMakeFiles/cmTC_4f0b8.dir/CheckFunctionExists.c.o
/usr/bin/cc   -DCHECK_FUNCTION_EXISTS=strcasecmp -o CMakeFiles/cmTC_4f0b8.dir/CheckFunctionExists.c.o -c /usr/share/cmake-3.22/Modules/CheckFunctionExists.c
<command-line>: warning: conflicting types for built-in function ‘strcasecmp’; expected ‘int(const char *, const char *)’ [-Wbuiltin-declaration-mismatch]
<command-line>: note: in definition of macro ‘CHECK_FUNCTION_EXISTS’
Linking C executable cmTC_4f0b8
/usr/bin/cmake -E cmake_link_script CMakeFiles/cmTC_4f0b8.dir/link.txt --verbose=1
/usr/bin/cc  -DCHECK_FUNCTION_EXISTS=strcasecmp CMakeFiles/cmTC_4f0b8.dir/CheckFunctionExists.c.o -o cmTC_4f0b8 
gmake[1] : on quitte le répertoire « /home/thomas/Bureau/ProjetImage/ProjetImage_IMAGINE_BES_CARO_NOYE/Code/fltk/build/CMakeFiles/CMakeTmp »



Determining if the function vsnprintf exists passed with the following output:
Change Dir: /home/thomas/Bureau/ProjetImage/ProjetImage_IMAGINE_BES_CARO_NOYE/Code/fltk/build/CMakeFiles/CMakeTmp

Run Build Command(s):/usr/bin/gmake -f Makefile cmTC_ec91f/fast && /usr/bin/gmake  -f CMakeFiles/cmTC_ec91f.dir/build.make CMakeFiles/cmTC_ec91f.dir/build
gmake[1] : on entre dans le répertoire « /home/thomas/Bureau/ProjetImage/ProjetImage_IMAGINE_BES_CARO_NOYE/Code/fltk/build/CMakeFiles/CMakeTmp »
Building C object CMakeFiles/cmTC_ec91f.dir/CheckFunctionExists.c.o
/usr/bin/cc   -DCHECK_FUNCTION_EXISTS=vsnprintf -o CMakeFiles/cmTC_ec91f.dir/CheckFunctionExists.c.o -c /usr/share/cmake-3.22/Modules/CheckFunctionExists.c
<command-line>: warning: conflicting types for built-in function ‘vsnprintf’; expected ‘int(char *, long unsigned int,  const char *, __va_list_tag *)’ [-Wbuiltin-declaration-mismatch]
/usr/share/cmake-3.22/Modules/CheckFunctionExists.c:7:3: note: in expansion of macro ‘CHECK_FUNCTION_EXISTS’
    7 |   CHECK_FUNCTION_EXISTS(void);
      |   ^~~~~~~~~~~~~~~~~~~~~
/usr/share/cmake-3.22/Modules/CheckFunctionExists.c:1:1: note: ‘vsnprintf’ is declared in header ‘<stdio.h>’
  +++ |+#include <stdio.h>
    1 | #ifdef CHECK_FUNCTION_EXISTS
Linking C executable cmTC_ec91f
/usr/bin/cmake -E cmake_link_script CMakeFiles/cmTC_ec91f.dir/link.txt --verbose=1
/usr/bin/cc  -DCHECK_FUNCTION_EXISTS=vsnprintf CMakeFiles/cmTC_ec91f.dir/CheckFunctionExists.c.o -o cmTC_ec91f 
gmake[1] : on quitte le répertoire « /home/thomas/Bureau/ProjetImage/ProjetImage_IMAGINE_BES_CARO_NOYE/Code/fltk/build/CMakeFiles/CMakeTmp »



Determining if the function setenv exists passed with the following output:
Change Dir: /home/thomas/Bureau/ProjetImage/ProjetImage_IMAGINE_BES_CARO_NOYE/Code/fltk/build/CMakeFiles/CMakeTmp

Run Build Command(s):/usr/bin/gmake -f Makefile cmTC_2c92b/fast && /usr/bin/gmake  -f CMakeFiles/cmTC_2c92b.dir/build.make CMakeFiles/cmTC_2c92b.dir/build
gmake[1] : on entre dans le répertoire « /home/thomas/Bureau/ProjetImage/ProjetImage_IMAGINE_BES_CARO_NOYE/Code/fltk/build/CMakeFiles/CMakeTmp »
Building C object CMakeFiles/cmTC_2c92b.dir/CheckFunctionExists.c.o
/usr/bin/cc   -DCHECK_FUNCTION_EXISTS=setenv -o CMakeFiles/cmTC_2c92b.dir/CheckFunctionExists.c.o -c /usr/share/cmake-3.22/Modules/CheckFunctionExists.c
Linking C executable cmTC_2c92b
/usr/bin/cmake -E cmake_link_script CMakeFiles/cmTC_2c92b.dir/link.txt --verbose=1
/usr/bin/cc  -DCHECK_FUNCTION_EXISTS=setenv CMakeFiles/cmTC_2c92b.dir/CheckFunctionExists.c.o -o cmTC_2c92b 
gmake[1] : on quitte le répertoire « /home/thomas/Bureau/ProjetImage/ProjetImage_IMAGINE_BES_CARO_NOYE/Code/fltk/build/CMakeFiles/CMakeTmp »



Determining if the function trunc exists passed with the following output:
Change Dir: /home/thomas/Bureau/ProjetImage/ProjetImage_IMAGINE_BES_CARO_NOYE/Code/fltk/build/CMakeFiles/CMakeTmp

Run Build Command(s):/usr/bin/gmake -f Makefile cmTC_647ba/fast && /usr/bin/gmake  -f CMakeFiles/cmTC_647ba.dir/build.make CMakeFiles/cmTC_647ba.dir/build
gmake[1] : on entre dans le répertoire « /home/thomas/Bureau/ProjetImage/ProjetImage_IMAGINE_BES_CARO_NOYE/Code/fltk/build/CMakeFiles/CMakeTmp »
Building C object CMakeFiles/cmTC_647ba.dir/CheckFunctionExists.c.o
/usr/bin/cc   -DCHECK_FUNCTION_EXISTS=trunc -o CMakeFiles/cmTC_647ba.dir/CheckFunctionExists.c.o -c /usr/share/cmake-3.22/Modules/CheckFunctionExists.c
<command-line>: warning: conflicting types for built-in function ‘trunc’; expected ‘double(double)’ [-Wbuiltin-declaration-mismatch]
/usr/share/cmake-3.22/Modules/CheckFunctionExists.c:7:3: note: in expansion of macro ‘CHECK_FUNCTION_EXISTS’
    7 |   CHECK_FUNCTION_EXISTS(void);
      |   ^~~~~~~~~~~~~~~~~~~~~
/usr/share/cmake-3.22/Modules/CheckFunctionExists.c:1:1: note: ‘trunc’ is declared in header ‘<math.h>’
  +++ |+#include <math.h>
    1 | #ifdef CHECK_FUNCTION_EXISTS
Linking C executable cmTC_647ba
/usr/bin/cmake -E cmake_link_script CMakeFiles/cmTC_647ba.dir/link.txt --verbose=1
/usr/bin/cc  -DCHECK_FUNCTION_EXISTS=trunc CMakeFiles/cmTC_647ba.dir/CheckFunctionExists.c.o -o cmTC_647ba  -lm 
gmake[1] : on quitte le répertoire « /home/thomas/Bureau/ProjetImage/ProjetImage_IMAGINE_BES_CARO_NOYE/Code/fltk/build/CMakeFiles/CMakeTmp »



Determining if the include file png.h exists passed with the following output:
Change Dir: /home/thomas/Bureau/ProjetImage/ProjetImage_IMAGINE_BES_CARO_NOYE/Code/fltk/build/CMakeFiles/CMakeTmp

Run Build Command(s):/usr/bin/gmake -f Makefile cmTC_9beb1/fast && /usr/bin/gmake  -f CMakeFiles/cmTC_9beb1.dir/build.make CMakeFiles/cmTC_9beb1.dir/build
gmake[1] : on entre dans le répertoire « /home/thomas/Bureau/ProjetImage/ProjetImage_IMAGINE_BES_CARO_NOYE/Code/fltk/build/CMakeFiles/CMakeTmp »
Building C object CMakeFiles/cmTC_9beb1.dir/CheckIncludeFile.c.o
/usr/bin/cc    -o CMakeFiles/cmTC_9beb1.dir/CheckIncludeFile.c.o -c /home/thomas/Bureau/ProjetImage/ProjetImage_IMAGINE_BES_CARO_NOYE/Code/fltk/build/CMakeFiles/CMakeTmp/CheckIncludeFile.c
Linking C executable cmTC_9beb1
/usr/bin/cmake -E cmake_link_script CMakeFiles/cmTC_9beb1.dir/link.txt --verbose=1
/usr/bin/cc CMakeFiles/cmTC_9beb1.dir/CheckIncludeFile.c.o -o cmTC_9beb1 
gmake[1] : on quitte le répertoire « /home/thomas/Bureau/ProjetImage/ProjetImage_IMAGINE_BES_CARO_NOYE/Code/fltk/build/CMakeFiles/CMakeTmp »



Determining if the function XOpenDisplay exists in the /usr/lib/x86_64-linux-gnu/libX11.so;/usr/lib/x86_64-linux-gnu/libXext.so passed with the following output:
Change Dir: /home/thomas/Bureau/ProjetImage/ProjetImage_IMAGINE_BES_CARO_NOYE/Code/fltk/build/CMakeFiles/CMakeTmp

Run Build Command(s):/usr/bin/gmake -f Makefile cmTC_8c209/fast && /usr/bin/gmake  -f CMakeFiles/cmTC_8c209.dir/build.make CMakeFiles/cmTC_8c209.dir/build
gmake[1] : on entre dans le répertoire « /home/thomas/Bureau/ProjetImage/ProjetImage_IMAGINE_BES_CARO_NOYE/Code/fltk/build/CMakeFiles/CMakeTmp »
Building C object CMakeFiles/cmTC_8c209.dir/CheckFunctionExists.c.o
/usr/bin/cc   -DCHECK_FUNCTION_EXISTS=XOpenDisplay -o CMakeFiles/cmTC_8c209.dir/CheckFunctionExists.c.o -c /usr/share/cmake-3.22/Modules/CheckFunctionExists.c
Linking C executable cmTC_8c209
/usr/bin/cmake -E cmake_link_script CMakeFiles/cmTC_8c209.dir/link.txt --verbose=1
/usr/bin/cc  -DCHECK_FUNCTION_EXISTS=XOpenDisplay CMakeFiles/cmTC_8c209.dir/CheckFunctionExists.c.o -o cmTC_8c209  /usr/lib/x86_64-linux-gnu/libX11.so /usr/lib/x86_64-linux-gnu/libXext.so 
gmake[1] : on quitte le répertoire « /home/thomas/Bureau/ProjetImage/ProjetImage_IMAGINE_BES_CARO_NOYE/Code/fltk/build/CMakeFiles/CMakeTmp »



Determining if the function gethostbyname exists passed with the following output:
Change Dir: /home/thomas/Bureau/ProjetImage/ProjetImage_IMAGINE_BES_CARO_NOYE/Code/fltk/build/CMakeFiles/CMakeTmp

Run Build Command(s):/usr/bin/gmake -f Makefile cmTC_08f5e/fast && /usr/bin/gmake  -f CMakeFiles/cmTC_08f5e.dir/build.make CMakeFiles/cmTC_08f5e.dir/build
gmake[1] : on entre dans le répertoire « /home/thomas/Bureau/ProjetImage/ProjetImage_IMAGINE_BES_CARO_NOYE/Code/fltk/build/CMakeFiles/CMakeTmp »
Building C object CMakeFiles/cmTC_08f5e.dir/CheckFunctionExists.c.o
/usr/bin/cc   -DCHECK_FUNCTION_EXISTS=gethostbyname -o CMakeFiles/cmTC_08f5e.dir/CheckFunctionExists.c.o -c /usr/share/cmake-3.22/Modules/CheckFunctionExists.c
Linking C executable cmTC_08f5e
/usr/bin/cmake -E cmake_link_script CMakeFiles/cmTC_08f5e.dir/link.txt --verbose=1
/usr/bin/cc  -DCHECK_FUNCTION_EXISTS=gethostbyname CMakeFiles/cmTC_08f5e.dir/CheckFunctionExists.c.o -o cmTC_08f5e 
gmake[1] : on quitte le répertoire « /home/thomas/Bureau/ProjetImage/ProjetImage_IMAGINE_BES_CARO_NOYE/Code/fltk/build/CMakeFiles/CMakeTmp »



Determining if the function connect exists passed with the following output:
Change Dir: /home/thomas/Bureau/ProjetImage/ProjetImage_IMAGINE_BES_CARO_NOYE/Code/fltk/build/CMakeFiles/CMakeTmp

Run Build Command(s):/usr/bin/gmake -f Makefile cmTC_3df08/fast && /usr/bin/gmake  -f CMakeFiles/cmTC_3df08.dir/build.make CMakeFiles/cmTC_3df08.dir/build
gmake[1] : on entre dans le répertoire « /home/thomas/Bureau/ProjetImage/ProjetImage_IMAGINE_BES_CARO_NOYE/Code/fltk/build/CMakeFiles/CMakeTmp »
Building C object CMakeFiles/cmTC_3df08.dir/CheckFunctionExists.c.o
/usr/bin/cc   -DCHECK_FUNCTION_EXISTS=connect -o CMakeFiles/cmTC_3df08.dir/CheckFunctionExists.c.o -c /usr/share/cmake-3.22/Modules/CheckFunctionExists.c
Linking C executable cmTC_3df08
/usr/bin/cmake -E cmake_link_script CMakeFiles/cmTC_3df08.dir/link.txt --verbose=1
/usr/bin/cc  -DCHECK_FUNCTION_EXISTS=connect CMakeFiles/cmTC_3df08.dir/CheckFunctionExists.c.o -o cmTC_3df08 
gmake[1] : on quitte le répertoire « /home/thomas/Bureau/ProjetImage/ProjetImage_IMAGINE_BES_CARO_NOYE/Code/fltk/build/CMakeFiles/CMakeTmp »



Determining if the function remove exists passed with the following output:
Change Dir: /home/thomas/Bureau/ProjetImage/ProjetImage_IMAGINE_BES_CARO_NOYE/Code/fltk/build/CMakeFiles/CMakeTmp

Run Build Command(s):/usr/bin/gmake -f Makefile cmTC_91329/fast && /usr/bin/gmake  -f CMakeFiles/cmTC_91329.dir/build.make CMakeFiles/cmTC_91329.dir/build
gmake[1] : on entre dans le répertoire « /home/thomas/Bureau/ProjetImage/ProjetImage_IMAGINE_BES_CARO_NOYE/Code/fltk/build/CMakeFiles/CMakeTmp »
Building C object CMakeFiles/cmTC_91329.dir/CheckFunctionExists.c.o
/usr/bin/cc   -DCHECK_FUNCTION_EXISTS=remove -o CMakeFiles/cmTC_91329.dir/CheckFunctionExists.c.o -c /usr/share/cmake-3.22/Modules/CheckFunctionExists.c
Linking C executable cmTC_91329
/usr/bin/cmake -E cmake_link_script CMakeFiles/cmTC_91329.dir/link.txt --verbose=1
/usr/bin/cc  -DCHECK_FUNCTION_EXISTS=remove CMakeFiles/cmTC_91329.dir/CheckFunctionExists.c.o -o cmTC_91329 
gmake[1] : on quitte le répertoire « /home/thomas/Bureau/ProjetImage/ProjetImage_IMAGINE_BES_CARO_NOYE/Code/fltk/build/CMakeFiles/CMakeTmp »



Determining if the function shmat exists passed with the following output:
Change Dir: /home/thomas/Bureau/ProjetImage/ProjetImage_IMAGINE_BES_CARO_NOYE/Code/fltk/build/CMakeFiles/CMakeTmp

Run Build Command(s):/usr/bin/gmake -f Makefile cmTC_66363/fast && /usr/bin/gmake  -f CMakeFiles/cmTC_66363.dir/build.make CMakeFiles/cmTC_66363.dir/build
gmake[1] : on entre dans le répertoire « /home/thomas/Bureau/ProjetImage/ProjetImage_IMAGINE_BES_CARO_NOYE/Code/fltk/build/CMakeFiles/CMakeTmp »
Building C object CMakeFiles/cmTC_66363.dir/CheckFunctionExists.c.o
/usr/bin/cc   -DCHECK_FUNCTION_EXISTS=shmat -o CMakeFiles/cmTC_66363.dir/CheckFunctionExists.c.o -c /usr/share/cmake-3.22/Modules/CheckFunctionExists.c
Linking C executable cmTC_66363
/usr/bin/cmake -E cmake_link_script CMakeFiles/cmTC_66363.dir/link.txt --verbose=1
/usr/bin/cc  -DCHECK_FUNCTION_EXISTS=shmat CMakeFiles/cmTC_66363.dir/CheckFunctionExists.c.o -o cmTC_66363 
gmake[1] : on quitte le répertoire « /home/thomas/Bureau/ProjetImage/ProjetImage_IMAGINE_BES_CARO_NOYE/Code/fltk/build/CMakeFiles/CMakeTmp »



Determining if the function IceConnectionNumber exists in the ICE passed with the following output:
Change Dir: /home/thomas/Bureau/ProjetImage/ProjetImage_IMAGINE_BES_CARO_NOYE/Code/fltk/build/CMakeFiles/CMakeTmp

Run Build Command(s):/usr/bin/gmake -f Makefile cmTC_bcb42/fast && /usr/bin/gmake  -f CMakeFiles/cmTC_bcb42.dir/build.make CMakeFiles/cmTC_bcb42.dir/build
gmake[1] : on entre dans le répertoire « /home/thomas/Bureau/ProjetImage/ProjetImage_IMAGINE_BES_CARO_NOYE/Code/fltk/build/CMakeFiles/CMakeTmp »
Building C object CMakeFiles/cmTC_bcb42.dir/CheckFunctionExists.c.o
/usr/bin/cc   -DCHECK_FUNCTION_EXISTS=IceConnectionNumber -o CMakeFiles/cmTC_bcb42.dir/CheckFunctionExists.c.o -c /usr/share/cmake-3.22/Modules/CheckFunctionExists.c
Linking C executable cmTC_bcb42
/usr/bin/cmake -E cmake_link_script CMakeFiles/cmTC_bcb42.dir/link.txt --verbose=1
/usr/bin/cc  -DCHECK_FUNCTION_EXISTS=IceConnectionNumber CMakeFiles/cmTC_bcb42.dir/CheckFunctionExists.c.o -o cmTC_bcb42  -lICE 
gmake[1] : on quitte le répertoire « /home/thomas/Bureau/ProjetImage/ProjetImage_IMAGINE_BES_CARO_NOYE/Code/fltk/build/CMakeFiles/CMakeTmp »



Determining if the function glXGetProcAddressARB exists passed with the following output:
Change Dir: /home/thomas/Bureau/ProjetImage/ProjetImage_IMAGINE_BES_CARO_NOYE/Code/fltk/build/CMakeFiles/CMakeTmp

Run Build Command(s):/usr/bin/gmake -f Makefile cmTC_0f885/fast && /usr/bin/gmake  -f CMakeFiles/cmTC_0f885.dir/build.make CMakeFiles/cmTC_0f885.dir/build
gmake[1] : on entre dans le répertoire « /home/thomas/Bureau/ProjetImage/ProjetImage_IMAGINE_BES_CARO_NOYE/Code/fltk/build/CMakeFiles/CMakeTmp »
Building C object CMakeFiles/cmTC_0f885.dir/CheckFunctionExists.c.o
/usr/bin/cc  -I/GL -DCHECK_FUNCTION_EXISTS=glXGetProcAddressARB -o CMakeFiles/cmTC_0f885.dir/CheckFunctionExists.c.o -c /usr/share/cmake-3.22/Modules/CheckFunctionExists.c
Linking C executable cmTC_0f885
/usr/bin/cmake -E cmake_link_script CMakeFiles/cmTC_0f885.dir/link.txt --verbose=1
/usr/bin/cc  -DCHECK_FUNCTION_EXISTS=glXGetProcAddressARB CMakeFiles/cmTC_0f885.dir/CheckFunctionExists.c.o -o cmTC_0f885  -L/usr/lib/x86_64-linux-gnu -lX11 -lGLU -lGL 
gmake[1] : on quitte le répertoire « /home/thomas/Bureau/ProjetImage/ProjetImage_IMAGINE_BES_CARO_NOYE/Code/fltk/build/CMakeFiles/CMakeTmp »



Determining if the include file pthread.h exists passed with the following output:
Change Dir: /home/thomas/Bureau/ProjetImage/ProjetImage_IMAGINE_BES_CARO_NOYE/Code/fltk/build/CMakeFiles/CMakeTmp

Run Build Command(s):/usr/bin/gmake -f Makefile cmTC_5f036/fast && /usr/bin/gmake  -f CMakeFiles/cmTC_5f036.dir/build.make CMakeFiles/cmTC_5f036.dir/build
gmake[1] : on entre dans le répertoire « /home/thomas/Bureau/ProjetImage/ProjetImage_IMAGINE_BES_CARO_NOYE/Code/fltk/build/CMakeFiles/CMakeTmp »
Building C object CMakeFiles/cmTC_5f036.dir/CheckIncludeFile.c.o
/usr/bin/cc  -I/GL  -o CMakeFiles/cmTC_5f036.dir/CheckIncludeFile.c.o -c /home/thomas/Bureau/ProjetImage/ProjetImage_IMAGINE_BES_CARO_NOYE/Code/fltk/build/CMakeFiles/CMakeTmp/CheckIncludeFile.c
Linking C executable cmTC_5f036
/usr/bin/cmake -E cmake_link_script CMakeFiles/cmTC_5f036.dir/link.txt --verbose=1
/usr/bin/cc CMakeFiles/cmTC_5f036.dir/CheckIncludeFile.c.o -o cmTC_5f036 
gmake[1] : on quitte le répertoire « /home/thomas/Bureau/ProjetImage/ProjetImage_IMAGINE_BES_CARO_NOYE/Code/fltk/build/CMakeFiles/CMakeTmp »



Performing C SOURCE FILE Test CMAKE_HAVE_LIBC_PTHREAD succeeded with the following output:
Change Dir: /home/thomas/Bureau/ProjetImage/ProjetImage_IMAGINE_BES_CARO_NOYE/Code/fltk/build/CMakeFiles/CMakeTmp

Run Build Command(s):/usr/bin/gmake -f Makefile cmTC_40160/fast && /usr/bin/gmake  -f CMakeFiles/cmTC_40160.dir/build.make CMakeFiles/cmTC_40160.dir/build
gmake[1] : on entre dans le répertoire « /home/thomas/Bureau/ProjetImage/ProjetImage_IMAGINE_BES_CARO_NOYE/Code/fltk/build/CMakeFiles/CMakeTmp »
Building C object CMakeFiles/cmTC_40160.dir/src.c.o
/usr/bin/cc -DCMAKE_HAVE_LIBC_PTHREAD -I/GL  -o CMakeFiles/cmTC_40160.dir/src.c.o -c /home/thomas/Bureau/ProjetImage/ProjetImage_IMAGINE_BES_CARO_NOYE/Code/fltk/build/CMakeFiles/CMakeTmp/src.c
Linking C executable cmTC_40160
/usr/bin/cmake -E cmake_link_script CMakeFiles/cmTC_40160.dir/link.txt --verbose=1
/usr/bin/cc CMakeFiles/cmTC_40160.dir/src.c.o -o cmTC_40160 
gmake[1] : on quitte le répertoire « /home/thomas/Bureau/ProjetImage/ProjetImage_IMAGINE_BES_CARO_NOYE/Code/fltk/build/CMakeFiles/CMakeTmp »


Source file was:
#include <pthread.h>

static void* test_func(void* data)
{
  return data;
}

int main(void)
{
  pthread_t thread;
  pthread_create(&thread, NULL, test_func, NULL);
  pthread_detach(thread);
  pthread_cancel(thread);
  pthread_join(thread, NULL);
  pthread_atfork(NULL, NULL, NULL);
  pthread_exit(NULL);

  return 0;
}

